Log file opened on Mon Sep 23 14:45:38 2019
Host: venus  pid: 27144  rank ID: 0  number of ranks:  1
                      :-) GROMACS - gmx mdrun, 2018.7 (-:

                            GROMACS is written by:
     Emile Apol      Rossen Apostolov      Paul Bauer     Herman J.C. Berendsen
    Par Bjelkmar    Aldert van Buuren   Rudi van Drunen     Anton Feenstra  
  Gerrit Groenhof    Aleksei Iupinov   Christoph Junghans   Anca Hamuraru   
 Vincent Hindriksen Dimitrios Karkoulis    Peter Kasson        Jiri Kraus    
  Carsten Kutzner      Per Larsson      Justin A. Lemkul    Viveca Lindahl  
  Magnus Lundborg   Pieter Meulenhoff    Erik Marklund      Teemu Murtola   
    Szilard Pall       Sander Pronk      Roland Schulz     Alexey Shvetsov  
   Michael Shirts     Alfons Sijbers     Peter Tieleman    Teemu Virolainen 
 Christian Wennberg    Maarten Wolf   
                           and the project leaders:
        Mark Abraham, Berk Hess, Erik Lindahl, and David van der Spoel

Copyright (c) 1991-2000, University of Groningen, The Netherlands.
Copyright (c) 2001-2017, The GROMACS development team at
Uppsala University, Stockholm University and
the Royal Institute of Technology, Sweden.
check out http://www.gromacs.org for more information.

GROMACS is free software; you can redistribute it and/or modify it
under the terms of the GNU Lesser General Public License
as published by the Free Software Foundation; either version 2.1
of the License, or (at your option) any later version.

GROMACS:      gmx mdrun, version 2018.7
Executable:   /automnt/gromacs/default/bin/gmx
Data prefix:  /automnt/gromacs/default
Working dir:  /home/gzc0025/Pseudoknot/HighTemperature
Command line:
  gmx mdrun -deffnm md_0_1

GROMACS version:    2018.7
Precision:          single
Memory model:       64 bit
MPI library:        thread_mpi
OpenMP support:     enabled (GMX_OPENMP_MAX_THREADS = 64)
GPU support:        disabled
SIMD instructions:  SSE4.1
FFT library:        fftw-3.3.5-sse2-avx
RDTSCP usage:       enabled
TNG support:        enabled
Hwloc support:      hwloc-1.11.0
Tracing support:    disabled
Built on:           2019-07-23 12:59:09
Built by:           mathtmp@venus [CMAKE]
Build OS/arch:      Linux 4.9.0-8-amd64 x86_64
Build CPU vendor:   Intel
Build CPU brand:    Intel(R) Xeon(R) CPU           X5660  @ 2.80GHz
Build CPU family:   6   Model: 44   Stepping: 2
Build CPU features: apic clfsh cmov cx8 cx16 htt intel lahf mmx msr nonstop_tsc pcid pdcm pdpe1gb popcnt pse rdtscp sse2 sse3 sse4.1 sse4.2 ssse3
C compiler:         /usr/bin/cc GNU 6.3.0
C compiler flags:    -msse4.1     -O3 -DNDEBUG -funroll-all-loops -fexcess-precision=fast  
C++ compiler:       /usr/bin/c++ GNU 6.3.0
C++ compiler flags:  -msse4.1    -std=c++11   -O3 -DNDEBUG -funroll-all-loops -fexcess-precision=fast  


Running on 1 node with total 12 cores, 24 logical cores
Hardware detected:
  CPU info:
    Vendor: Intel
    Brand:  Intel(R) Xeon(R) CPU           X5660  @ 2.80GHz
    Family: 6   Model: 44   Stepping: 2
    Features: apic clfsh cmov cx8 cx16 htt intel lahf mmx msr nonstop_tsc pcid pdcm pdpe1gb popcnt pse rdtscp sse2 sse3 sse4.1 sse4.2 ssse3
  Hardware topology: Full, with devices
    Sockets, cores, and logical processors:
      Socket  0: [   0  12] [   1  13] [   2  14] [   3  15] [   4  16] [   5  17]
      Socket  1: [   6  18] [   7  19] [   8  20] [   9  21] [  10  22] [  11  23]
    Numa nodes:
      Node  0 (152113197056 bytes mem):   0  12   1  13   2  14   3  15   4  16   5  17
      Node  1 (152200380416 bytes mem):   6  18   7  19   8  20   9  21  10  22  11  23
      Latency:
               0     1
         0  1.00  2.10
         1  2.10  1.00
    Caches:
      L1: 32768 bytes, linesize 64 bytes, assoc. 8, shared 2 ways
      L2: 262144 bytes, linesize 64 bytes, assoc. 8, shared 2 ways
      L3: 12582912 bytes, linesize 64 bytes, assoc. 16, shared 12 ways
    PCI devices:
      0000:02:00.0  Id: 8086:10fb  Class: 0x0200  Numa: 0
      0000:02:00.1  Id: 8086:10fb  Class: 0x0200  Numa: 0
      0000:03:00.0  Id: 1000:0079  Class: 0x0104  Numa: 0
      0000:05:00.0  Id: 8086:10c9  Class: 0x0200  Numa: 0
      0000:05:00.1  Id: 8086:10c9  Class: 0x0200  Numa: 0
      0000:06:01.0  Id: 102b:0532  Class: 0x0300  Numa: 0
      0000:00:1f.2  Id: 8086:3a20  Class: 0x0101  Numa: 0
      0000:00:1f.5  Id: 8086:3a26  Class: 0x0101  Numa: 0


++++ PLEASE READ AND CITE THE FOLLOWING REFERENCE ++++
M. J. Abraham, T. Murtola, R. Schulz, S. Páll, J. C. Smith, B. Hess, E.
Lindahl
GROMACS: High performance molecular simulations through multi-level
parallelism from laptops to supercomputers
SoftwareX 1 (2015) pp. 19-25
-------- -------- --- Thank You --- -------- --------


++++ PLEASE READ AND CITE THE FOLLOWING REFERENCE ++++
S. Páll, M. J. Abraham, C. Kutzner, B. Hess, E. Lindahl
Tackling Exascale Software Challenges in Molecular Dynamics Simulations with
GROMACS
In S. Markidis & E. Laure (Eds.), Solving Software Challenges for Exascale 8759 (2015) pp. 3-27
-------- -------- --- Thank You --- -------- --------


++++ PLEASE READ AND CITE THE FOLLOWING REFERENCE ++++
S. Pronk, S. Páll, R. Schulz, P. Larsson, P. Bjelkmar, R. Apostolov, M. R.
Shirts, J. C. Smith, P. M. Kasson, D. van der Spoel, B. Hess, and E. Lindahl
GROMACS 4.5: a high-throughput and highly parallel open source molecular
simulation toolkit
Bioinformatics 29 (2013) pp. 845-54
-------- -------- --- Thank You --- -------- --------


++++ PLEASE READ AND CITE THE FOLLOWING REFERENCE ++++
B. Hess and C. Kutzner and D. van der Spoel and E. Lindahl
GROMACS 4: Algorithms for highly efficient, load-balanced, and scalable
molecular simulation
J. Chem. Theory Comput. 4 (2008) pp. 435-447
-------- -------- --- Thank You --- -------- --------


++++ PLEASE READ AND CITE THE FOLLOWING REFERENCE ++++
D. van der Spoel, E. Lindahl, B. Hess, G. Groenhof, A. E. Mark and H. J. C.
Berendsen
GROMACS: Fast, Flexible and Free
J. Comp. Chem. 26 (2005) pp. 1701-1719
-------- -------- --- Thank You --- -------- --------


++++ PLEASE READ AND CITE THE FOLLOWING REFERENCE ++++
E. Lindahl and B. Hess and D. van der Spoel
GROMACS 3.0: A package for molecular simulation and trajectory analysis
J. Mol. Mod. 7 (2001) pp. 306-317
-------- -------- --- Thank You --- -------- --------


++++ PLEASE READ AND CITE THE FOLLOWING REFERENCE ++++
H. J. C. Berendsen, D. van der Spoel and R. van Drunen
GROMACS: A message-passing parallel molecular dynamics implementation
Comp. Phys. Comm. 91 (1995) pp. 43-56
-------- -------- --- Thank You --- -------- --------

Input Parameters:
   integrator                     = md
   tinit                          = 0
   dt                             = 0.002
   nsteps                         = 500000
   init-step                      = 0
   simulation-part                = 1
   comm-mode                      = Linear
   nstcomm                        = 100
   bd-fric                        = 0
   ld-seed                        = -1100277172
   emtol                          = 10
   emstep                         = 0.01
   niter                          = 20
   fcstep                         = 0
   nstcgsteep                     = 1000
   nbfgscorr                      = 10
   rtpi                           = 0.05
   nstxout                        = 0
   nstvout                        = 0
   nstfout                        = 0
   nstlog                         = 5000
   nstcalcenergy                  = 100
   nstenergy                      = 5000
   nstxout-compressed             = 5000
   compressed-x-precision         = 1000
   cutoff-scheme                  = Verlet
   nstlist                        = 10
   ns-type                        = Grid
   pbc                            = xyz
   periodic-molecules             = false
   verlet-buffer-tolerance        = 0.005
   rlist                          = 1
   coulombtype                    = PME
   coulomb-modifier               = Potential-shift
   rcoulomb-switch                = 0
   rcoulomb                       = 1
   epsilon-r                      = 1
   epsilon-rf                     = inf
   vdw-type                       = Cut-off
   vdw-modifier                   = Potential-shift
   rvdw-switch                    = 0
   rvdw                           = 1
   DispCorr                       = EnerPres
   table-extension                = 1
   fourierspacing                 = 0.16
   fourier-nx                     = 44
   fourier-ny                     = 72
   fourier-nz                     = 40
   pme-order                      = 4
   ewald-rtol                     = 1e-05
   ewald-rtol-lj                  = 0.001
   lj-pme-comb-rule               = Geometric
   ewald-geometry                 = 0
   epsilon-surface                = 0
   implicit-solvent               = No
   gb-algorithm                   = Still
   nstgbradii                     = 1
   rgbradii                       = 1
   gb-epsilon-solvent             = 80
   gb-saltconc                    = 0
   gb-obc-alpha                   = 1
   gb-obc-beta                    = 0.8
   gb-obc-gamma                   = 4.85
   gb-dielectric-offset           = 0.009
   sa-algorithm                   = Ace-approximation
   sa-surface-tension             = 2.05016
   tcoupl                         = V-rescale
   nsttcouple                     = 10
   nh-chain-length                = 0
   print-nose-hoover-chain-variables = false
   pcoupl                         = Parrinello-Rahman
   pcoupltype                     = Isotropic
   nstpcouple                     = 10
   tau-p                          = 2
   compressibility (3x3):
      compressibility[    0]={ 4.50000e-05,  0.00000e+00,  0.00000e+00}
      compressibility[    1]={ 0.00000e+00,  4.50000e-05,  0.00000e+00}
      compressibility[    2]={ 0.00000e+00,  0.00000e+00,  4.50000e-05}
   ref-p (3x3):
      ref-p[    0]={ 1.00000e+00,  0.00000e+00,  0.00000e+00}
      ref-p[    1]={ 0.00000e+00,  1.00000e+00,  0.00000e+00}
      ref-p[    2]={ 0.00000e+00,  0.00000e+00,  1.00000e+00}
   refcoord-scaling               = No
   posres-com (3):
      posres-com[0]= 0.00000e+00
      posres-com[1]= 0.00000e+00
      posres-com[2]= 0.00000e+00
   posres-comB (3):
      posres-comB[0]= 0.00000e+00
      posres-comB[1]= 0.00000e+00
      posres-comB[2]= 0.00000e+00
   QMMM                           = false
   QMconstraints                  = 0
   QMMMscheme                     = 0
   MMChargeScaleFactor            = 1
qm-opts:
   ngQM                           = 0
   constraint-algorithm           = Lincs
   continuation                   = true
   Shake-SOR                      = false
   shake-tol                      = 0.0001
   lincs-order                    = 4
   lincs-iter                     = 1
   lincs-warnangle                = 30
   nwall                          = 0
   wall-type                      = 9-3
   wall-r-linpot                  = -1
   wall-atomtype[0]               = -1
   wall-atomtype[1]               = -1
   wall-density[0]                = 0
   wall-density[1]                = 0
   wall-ewald-zfac                = 3
   pull                           = false
   awh                            = false
   rotation                       = false
   interactiveMD                  = false
   disre                          = No
   disre-weighting                = Conservative
   disre-mixed                    = false
   dr-fc                          = 1000
   dr-tau                         = 0
   nstdisreout                    = 100
   orire-fc                       = 0
   orire-tau                      = 0
   nstorireout                    = 100
   free-energy                    = no
   cos-acceleration               = 0
   deform (3x3):
      deform[    0]={ 0.00000e+00,  0.00000e+00,  0.00000e+00}
      deform[    1]={ 0.00000e+00,  0.00000e+00,  0.00000e+00}
      deform[    2]={ 0.00000e+00,  0.00000e+00,  0.00000e+00}
   simulated-tempering            = false
   swapcoords                     = no
   userint1                       = 0
   userint2                       = 0
   userint3                       = 0
   userint4                       = 0
   userreal1                      = 0
   userreal2                      = 0
   userreal3                      = 0
   userreal4                      = 0
   applied-forces:
     electric-field:
       x:
         E0                       = 0
         omega                    = 0
         t0                       = 0
         sigma                    = 0
       y:
         E0                       = 0
         omega                    = 0
         t0                       = 0
         sigma                    = 0
       z:
         E0                       = 0
         omega                    = 0
         t0                       = 0
         sigma                    = 0
grpopts:
   nrdf:     3983.88     92541.1
   ref-t:         330         330
   tau-t:         0.1         0.1
annealing:          No          No
annealing-npoints:           0           0
   acc:	           0           0           0
   nfreeze:           N           N           N
   energygrp-flags[  0]: 0

Changing nstlist from 10 to 40, rlist from 1 to 1.104


Initializing Domain Decomposition on 24 ranks
Dynamic load balancing: off
Minimum cell size due to atom displacement: 0.425 nm
Initial maximum inter charge-group distances:
    two-body bonded interactions: 0.408 nm, LJ-14, atoms 1172 1179
  multi-body bonded interactions: 0.408 nm, Proper Dih., atoms 1172 1179
Minimum cell size due to bonded interactions: 0.448 nm
Maximum distance for 5 constraints, at 120 deg. angles, all-trans: 0.218 nm
Estimated maximum distance required for P-LINCS: 0.218 nm
Guess for relative PME load: 0.13
Will use 20 particle-particle and 4 PME only ranks
This is a guess, check the performance at the end of the log file
Using 4 separate PME ranks, as guessed by mdrun
Scaling the initial minimum size with 1/0.8 (option -dds) = 1.25
Optimizing the DD grid for 20 cells with a minimum initial size of 0.560 nm
The maximum allowed number of cells is: X 12 Y 19 Z 11
Domain decomposition grid 4 x 5 x 1, separate PME ranks 4
PME domain decomposition: 4 x 1 x 1
Interleaving PP and PME ranks
This rank does only particle-particle work.

Domain decomposition rank 0, coordinates 0 0 0

The initial number of communication pulses is: X 1 Y 1
The initial domain decomposition cell size is: X 1.74 nm Y 2.17 nm

The maximum allowed distance for charge groups involved in interactions is:
                 non-bonded interactions           1.104 nm
(the following are initial values, they could change due to box deformation)
            two-body bonded interactions  (-rdd)   1.104 nm
          multi-body bonded interactions  (-rdd)   1.104 nm
  atoms separated by up to 5 constraints  (-rcon)  1.745 nm

When dynamic load balancing gets turned on, these settings will change to:
The maximum number of communication pulses is: X 1 Y 1
The minimum size for domain decomposition cells is 1.104 nm
The requested allowed shrink of DD cells (option -dds) is: 0.80
The allowed shrink of domain decomposition cells is: X 0.63 Y 0.51
The maximum allowed distance for charge groups involved in interactions is:
                 non-bonded interactions           1.104 nm
            two-body bonded interactions  (-rdd)   1.104 nm
          multi-body bonded interactions  (-rdd)   1.104 nm
  atoms separated by up to 5 constraints  (-rcon)  1.104 nm

Using 24 MPI threads
Using 1 OpenMP thread per tMPI thread

Pinning threads with an auto-selected logical core stride of 1
System total charge: -0.000
Will do PME sum in reciprocal space for electrostatic interactions.

++++ PLEASE READ AND CITE THE FOLLOWING REFERENCE ++++
U. Essmann, L. Perera, M. L. Berkowitz, T. Darden, H. Lee and L. G. Pedersen 
A smooth particle mesh Ewald method
J. Chem. Phys. 103 (1995) pp. 8577-8592
-------- -------- --- Thank You --- -------- --------

Using a Gaussian width (1/beta) of 0.320163 nm for Ewald
Potential shift: LJ r^-12: -1.000e+00 r^-6: -1.000e+00, Ewald -1.000e-05
Initialized non-bonded Ewald correction tables, spacing: 9.33e-04 size: 1073

Long Range LJ corr.: <C6> 3.1258e-04
Generated table with 1052 data points for Ewald.
Tabscale = 500 points/nm
Generated table with 1052 data points for LJ6.
Tabscale = 500 points/nm
Generated table with 1052 data points for LJ12.
Tabscale = 500 points/nm
Generated table with 1052 data points for 1-4 COUL.
Tabscale = 500 points/nm
Generated table with 1052 data points for 1-4 LJ6.
Tabscale = 500 points/nm
Generated table with 1052 data points for 1-4 LJ12.
Tabscale = 500 points/nm

Using SIMD 4x4 nonbonded short-range kernels

Using a dual 4x4 pair-list setup updated with dynamic pruning:
  outer list: updated every 40 steps, buffer 0.104 nm, rlist 1.104 nm
  inner list: updated every 11 steps, buffer 0.003 nm, rlist 1.003 nm
At tolerance 0.005 kJ/mol/ps per atom, equivalent classical 1x1 list would be:
  outer list: updated every 40 steps, buffer 0.222 nm, rlist 1.222 nm
  inner list: updated every 11 steps, buffer 0.045 nm, rlist 1.045 nm

Using Lorentz-Berthelot Lennard-Jones combination rule


Initializing Parallel LINear Constraint Solver

++++ PLEASE READ AND CITE THE FOLLOWING REFERENCE ++++
B. Hess
P-LINCS: A Parallel Linear Constraint Solver for molecular simulation
J. Chem. Theory Comput. 4 (2008) pp. 116-122
-------- -------- --- Thank You --- -------- --------

The number of constraints is 507
There are inter charge-group constraints,
will communicate selected coordinates each lincs iteration

++++ PLEASE READ AND CITE THE FOLLOWING REFERENCE ++++
S. Miyamoto and P. A. Kollman
SETTLE: An Analytical Version of the SHAKE and RATTLE Algorithms for Rigid
Water Models
J. Comp. Chem. 13 (1992) pp. 952-962
-------- -------- --- Thank You --- -------- --------


Linking all bonded interactions to atoms


Intra-simulation communication will occur every 10 steps.
Center of mass motion removal mode is Linear
We have the following groups for center of mass motion removal:
  0:  rest

++++ PLEASE READ AND CITE THE FOLLOWING REFERENCE ++++
G. Bussi, D. Donadio and M. Parrinello
Canonical sampling through velocity rescaling
J. Chem. Phys. 126 (2007) pp. 014101
-------- -------- --- Thank You --- -------- --------

There are: 47746 Atoms
Atom distribution over 20 domains: av 2387 stddev 47 min 2326 max 2442

Started mdrun on rank 0 Mon Sep 23 14:45:39 2019
           Step           Time
              0        0.00000

   Energies (kJ/mol)
           Bond          Angle    Proper Dih.  Improper Dih.          LJ-14
    1.76143e+03    3.55096e+03    5.38164e+03    1.19149e+02    1.88338e+03
     Coulomb-14        LJ (SR)  Disper. corr.   Coulomb (SR)   Coul. recip.
   -1.97726e+04    1.30141e+05   -6.19073e+03   -8.80821e+05    4.64684e+03
      Potential    Kinetic En.   Total Energy  Conserved En.    Temperature
   -7.59300e+05    1.33691e+05   -6.25609e+05   -6.25580e+05    3.33165e+02
 Pres. DC (bar) Pressure (bar)   Constr. rmsd
   -2.13725e+02    2.29132e+02    2.40504e-06

DD  step 39 load imb.: force 10.6%  pme mesh/force 0.758


step 120 Turning on dynamic load balancing, because the performance loss due to load imbalance is 7.4 %.

DD  step 4999  vol min/aver 0.918  load imb.: force  1.3%  pme mesh/force 0.763

           Step           Time
           5000       10.00000

   Energies (kJ/mol)
           Bond          Angle    Proper Dih.  Improper Dih.          LJ-14
    1.69324e+03    3.47079e+03    5.03563e+03    1.08154e+02    1.80389e+03
     Coulomb-14        LJ (SR)  Disper. corr.   Coulomb (SR)   Coul. recip.
   -1.97342e+04    1.27614e+05   -6.19600e+03   -8.78679e+05    4.46631e+03
      Potential    Kinetic En.   Total Energy  Conserved En.    Temperature
   -7.60417e+05    1.32941e+05   -6.27476e+05   -6.25513e+05    3.31296e+02
 Pres. DC (bar) Pressure (bar)   Constr. rmsd
   -2.14088e+02   -1.15043e+02    2.31106e-06

DD  step 9999  vol min/aver 0.906  load imb.: force  1.7%  pme mesh/force 0.764

           Step           Time
          10000       20.00000

   Energies (kJ/mol)
           Bond          Angle    Proper Dih.  Improper Dih.          LJ-14
    1.78053e+03    3.50668e+03    5.03074e+03    1.02506e+02    1.83667e+03
     Coulomb-14        LJ (SR)  Disper. corr.   Coulomb (SR)   Coul. recip.
   -1.97897e+04    1.29787e+05   -6.19197e+03   -8.81085e+05    4.42462e+03
      Potential    Kinetic En.   Total Energy  Conserved En.    Temperature
   -7.60597e+05    1.32584e+05   -6.28014e+05   -6.25427e+05    3.30405e+02
 Pres. DC (bar) Pressure (bar)   Constr. rmsd
   -2.13810e+02    1.21326e+02    2.68711e-06

DD  step 14999  vol min/aver 0.905  load imb.: force  1.8%  pme mesh/force 0.759

           Step           Time
          15000       30.00000

   Energies (kJ/mol)
           Bond          Angle    Proper Dih.  Improper Dih.          LJ-14
    1.70645e+03    3.58808e+03    5.12123e+03    1.19519e+02    1.81051e+03
     Coulomb-14        LJ (SR)  Disper. corr.   Coulomb (SR)   Coul. recip.
   -1.97503e+04    1.27867e+05   -6.20845e+03   -8.77774e+05    4.50266e+03
      Potential    Kinetic En.   Total Energy  Conserved En.    Temperature
   -7.59017e+05    1.33573e+05   -6.25444e+05   -6.25354e+05    3.32870e+02
 Pres. DC (bar) Pressure (bar)   Constr. rmsd
   -2.14948e+02    4.04800e+01    2.59422e-06


step 16800 Turning off dynamic load balancing, because it is degrading performance.

Atom distribution over 20 domains: av 2387 stddev 55 min 2326 max 2485
DD  step 19999 load imb.: force  9.1%  pme mesh/force 0.730


step 20000 Turning on dynamic load balancing, because the performance loss due to load imbalance is 2.2 %.

           Step           Time
          20000       40.00000

   Energies (kJ/mol)
           Bond          Angle    Proper Dih.  Improper Dih.          LJ-14
    1.85257e+03    3.52513e+03    5.00738e+03    9.13692e+01    1.80060e+03
     Coulomb-14        LJ (SR)  Disper. corr.   Coulomb (SR)   Coul. recip.
   -1.96425e+04    1.28387e+05   -6.19756e+03   -8.79284e+05    4.40678e+03
      Potential    Kinetic En.   Total Energy  Conserved En.    Temperature
   -7.60054e+05    1.31658e+05   -6.28396e+05   -6.25236e+05    3.28097e+02
 Pres. DC (bar) Pressure (bar)   Constr. rmsd
   -2.14196e+02   -5.59342e+01    2.21973e-06


step 20800 Turning off dynamic load balancing, because it is degrading performance.

Atom distribution over 20 domains: av 2387 stddev 53 min 2302 max 2451
DD  step 24999 load imb.: force 10.3%  pme mesh/force 0.722

           Step           Time
          25000       50.00000

   Energies (kJ/mol)
           Bond          Angle    Proper Dih.  Improper Dih.          LJ-14
    1.85960e+03    3.38294e+03    5.11820e+03    1.15171e+02    1.79126e+03
     Coulomb-14        LJ (SR)  Disper. corr.   Coulomb (SR)   Coul. recip.
   -1.96806e+04    1.27637e+05   -6.20190e+03   -8.78405e+05    4.47325e+03
      Potential    Kinetic En.   Total Energy  Conserved En.    Temperature
   -7.59910e+05    1.32195e+05   -6.27715e+05   -6.25170e+05    3.29435e+02
 Pres. DC (bar) Pressure (bar)   Constr. rmsd
   -2.14496e+02   -2.35816e+01    1.91261e-06


step 28000 Turning on dynamic load balancing, because the performance loss due to load imbalance is 2.3 %.

DD  step 29999  vol min/aver 0.860  load imb.: force  6.8%  pme mesh/force 0.741

           Step           Time
          30000       60.00000

   Energies (kJ/mol)
           Bond          Angle    Proper Dih.  Improper Dih.          LJ-14
    1.76412e+03    3.38232e+03    5.04727e+03    1.34296e+02    1.83759e+03
     Coulomb-14        LJ (SR)  Disper. corr.   Coulomb (SR)   Coul. recip.
   -1.96924e+04    1.29487e+05   -6.17912e+03   -8.81808e+05    4.45210e+03
      Potential    Kinetic En.   Total Energy  Conserved En.    Temperature
   -7.61575e+05    1.32301e+05   -6.29273e+05   -6.25096e+05    3.29701e+02
 Pres. DC (bar) Pressure (bar)   Constr. rmsd
   -2.12925e+02    1.74911e+00    2.25001e-06


step 30400 Turning off dynamic load balancing, because it is degrading performance.

Atom distribution over 20 domains: av 2387 stddev 51 min 2324 max 2452

step 32000 Will no longer try dynamic load balancing, as it degraded performance.

DD  step 34999 load imb.: force 11.0%  pme mesh/force 0.726

           Step           Time
          35000       70.00000

   Energies (kJ/mol)
           Bond          Angle    Proper Dih.  Improper Dih.          LJ-14
    1.72292e+03    3.54131e+03    5.02234e+03    1.18060e+02    1.81909e+03
     Coulomb-14        LJ (SR)  Disper. corr.   Coulomb (SR)   Coul. recip.
   -1.97423e+04    1.27091e+05   -6.16897e+03   -8.75718e+05    4.50691e+03
      Potential    Kinetic En.   Total Energy  Conserved En.    Temperature
   -7.57809e+05    1.32589e+05   -6.25220e+05   -6.25039e+05    3.30418e+02
 Pres. DC (bar) Pressure (bar)   Constr. rmsd
   -2.12227e+02   -1.43040e+02    1.83281e-06

DD  step 39999 load imb.: force  9.5%  pme mesh/force 0.716

           Step           Time
          40000       80.00000

   Energies (kJ/mol)
           Bond          Angle    Proper Dih.  Improper Dih.          LJ-14
    1.88102e+03    3.43825e+03    4.99190e+03    1.03480e+02    1.75428e+03
     Coulomb-14        LJ (SR)  Disper. corr.   Coulomb (SR)   Coul. recip.
   -1.99494e+04    1.28481e+05   -6.17517e+03   -8.79139e+05    4.47660e+03
      Potential    Kinetic En.   Total Energy  Conserved En.    Temperature
   -7.60138e+05    1.32114e+05   -6.28024e+05   -6.24942e+05    3.29233e+02
 Pres. DC (bar) Pressure (bar)   Constr. rmsd
   -2.12653e+02   -1.42466e+02    2.30966e-06

DD  step 44999 load imb.: force 10.4%  pme mesh/force 0.716

           Step           Time
          45000       90.00000

   Energies (kJ/mol)
           Bond          Angle    Proper Dih.  Improper Dih.          LJ-14
    1.75792e+03    3.35091e+03    5.09683e+03    1.03597e+02    1.79953e+03
     Coulomb-14        LJ (SR)  Disper. corr.   Coulomb (SR)   Coul. recip.
   -1.96691e+04    1.28789e+05   -6.18310e+03   -8.79188e+05    4.47451e+03
      Potential    Kinetic En.   Total Energy  Conserved En.    Temperature
   -7.59668e+05    1.32382e+05   -6.27285e+05   -6.24889e+05    3.29903e+02
 Pres. DC (bar) Pressure (bar)   Constr. rmsd
   -2.13199e+02   -3.11779e+01    2.26528e-06

DD  step 49999 load imb.: force 10.2%  pme mesh/force 0.710

           Step           Time
          50000      100.00000

   Energies (kJ/mol)
           Bond          Angle    Proper Dih.  Improper Dih.          LJ-14
    1.67258e+03    3.48207e+03    5.04697e+03    1.03415e+02    1.83420e+03
     Coulomb-14        LJ (SR)  Disper. corr.   Coulomb (SR)   Coul. recip.
   -1.96506e+04    1.28213e+05   -6.19494e+03   -8.80883e+05    4.47805e+03
      Potential    Kinetic En.   Total Energy  Conserved En.    Temperature
   -7.61898e+05    1.31855e+05   -6.30043e+05   -6.24795e+05    3.28589e+02
 Pres. DC (bar) Pressure (bar)   Constr. rmsd
   -2.14015e+02   -6.94559e+01    2.09121e-06

DD  step 54999 load imb.: force  9.2%  pme mesh/force 0.735

           Step           Time
          55000      110.00000

   Energies (kJ/mol)
           Bond          Angle    Proper Dih.  Improper Dih.          LJ-14
    1.64273e+03    3.49707e+03    4.94966e+03    9.62366e+01    1.75388e+03
     Coulomb-14        LJ (SR)  Disper. corr.   Coulomb (SR)   Coul. recip.
   -1.97795e+04    1.28907e+05   -6.15685e+03   -8.79626e+05    4.36990e+03
      Potential    Kinetic En.   Total Energy  Conserved En.    Temperature
   -7.60345e+05    1.32765e+05   -6.27581e+05   -6.24721e+05    3.30856e+02
 Pres. DC (bar) Pressure (bar)   Constr. rmsd
   -2.11395e+02   -8.50257e+01    2.60043e-06

DD  step 59999 load imb.: force 10.1%  pme mesh/force 0.793

           Step           Time
          60000      120.00000

   Energies (kJ/mol)
           Bond          Angle    Proper Dih.  Improper Dih.          LJ-14
    1.85832e+03    3.55592e+03    4.92051e+03    1.11575e+02    1.76564e+03
     Coulomb-14        LJ (SR)  Disper. corr.   Coulomb (SR)   Coul. recip.
   -1.98592e+04    1.30271e+05   -6.19532e+03   -8.81487e+05    4.41145e+03
      Potential    Kinetic En.   Total Energy  Conserved En.    Temperature
   -7.60648e+05    1.33691e+05   -6.26957e+05   -6.24628e+05    3.33164e+02
 Pres. DC (bar) Pressure (bar)   Constr. rmsd
   -2.14042e+02    1.73559e+02    1.98233e-06

DD  step 64999 load imb.: force  9.5%  pme mesh/force 0.727

           Step           Time
          65000      130.00000

   Energies (kJ/mol)
           Bond          Angle    Proper Dih.  Improper Dih.          LJ-14
    1.66668e+03    3.54860e+03    4.88120e+03    9.50001e+01    1.77979e+03
     Coulomb-14        LJ (SR)  Disper. corr.   Coulomb (SR)   Coul. recip.
   -1.95406e+04    1.29183e+05   -6.19079e+03   -8.80242e+05    4.53186e+03
      Potential    Kinetic En.   Total Energy  Conserved En.    Temperature
   -7.60287e+05    1.32129e+05   -6.28158e+05   -6.24550e+05    3.29271e+02
 Pres. DC (bar) Pressure (bar)   Constr. rmsd
   -2.13729e+02   -5.40221e+00    2.67943e-06

DD  step 69999 load imb.: force 10.2%  pme mesh/force 0.724

           Step           Time
          70000      140.00000

   Energies (kJ/mol)
           Bond          Angle    Proper Dih.  Improper Dih.          LJ-14
    1.75084e+03    3.49915e+03    4.89380e+03    1.00902e+02    1.80809e+03
     Coulomb-14        LJ (SR)  Disper. corr.   Coulomb (SR)   Coul. recip.
   -1.96313e+04    1.27961e+05   -6.19036e+03   -8.78252e+05    4.51638e+03
      Potential    Kinetic En.   Total Energy  Conserved En.    Temperature
   -7.59543e+05    1.33039e+05   -6.26504e+05   -6.24505e+05    3.31538e+02
 Pres. DC (bar) Pressure (bar)   Constr. rmsd
   -2.13699e+02    2.58161e+01    2.35310e-06

DD  step 74999 load imb.: force 11.0%  pme mesh/force 0.723

           Step           Time
          75000      150.00000

   Energies (kJ/mol)
           Bond          Angle    Proper Dih.  Improper Dih.          LJ-14
    1.77668e+03    3.57013e+03    4.98767e+03    1.14459e+02    1.84572e+03
     Coulomb-14        LJ (SR)  Disper. corr.   Coulomb (SR)   Coul. recip.
   -1.97692e+04    1.29297e+05   -6.16759e+03   -8.80881e+05    4.38346e+03
      Potential    Kinetic En.   Total Energy  Conserved En.    Temperature
   -7.60842e+05    1.32411e+05   -6.28431e+05   -6.24419e+05    3.29974e+02
 Pres. DC (bar) Pressure (bar)   Constr. rmsd
   -2.12132e+02    7.69906e+01    2.23187e-06

DD  step 79999 load imb.: force 12.7%  pme mesh/force 0.616

           Step           Time
          80000      160.00000

   Energies (kJ/mol)
           Bond          Angle    Proper Dih.  Improper Dih.          LJ-14
    1.85105e+03    3.67383e+03    5.00951e+03    1.25861e+02    1.79976e+03
     Coulomb-14        LJ (SR)  Disper. corr.   Coulomb (SR)   Coul. recip.
   -1.96757e+04    1.28797e+05   -6.21156e+03   -8.79519e+05    4.38848e+03
      Potential    Kinetic En.   Total Energy  Conserved En.    Temperature
   -7.59761e+05    1.31840e+05   -6.27920e+05   -6.24336e+05    3.28552e+02
 Pres. DC (bar) Pressure (bar)   Constr. rmsd
   -2.15164e+02   -1.20036e+01    2.31525e-06

DD  step 84999 load imb.: force  9.6%  pme mesh/force 0.726

           Step           Time
          85000      170.00000

   Energies (kJ/mol)
           Bond          Angle    Proper Dih.  Improper Dih.          LJ-14
    1.74045e+03    3.48069e+03    4.88156e+03    8.37701e+01    1.79657e+03
     Coulomb-14        LJ (SR)  Disper. corr.   Coulomb (SR)   Coul. recip.
   -1.97770e+04    1.29688e+05   -6.18982e+03   -8.81923e+05    4.36252e+03
      Potential    Kinetic En.   Total Energy  Conserved En.    Temperature
   -7.61856e+05    1.31992e+05   -6.29865e+05   -6.24278e+05    3.28929e+02
 Pres. DC (bar) Pressure (bar)   Constr. rmsd
   -2.13662e+02   -1.20170e+01    2.14857e-06

DD  step 89999 load imb.: force 10.0%  pme mesh/force 0.731

           Step           Time
          90000      180.00000

   Energies (kJ/mol)
           Bond          Angle    Proper Dih.  Improper Dih.          LJ-14
    1.75841e+03    3.60540e+03    4.91918e+03    8.88557e+01    1.76089e+03
     Coulomb-14        LJ (SR)  Disper. corr.   Coulomb (SR)   Coul. recip.
   -1.96231e+04    1.28245e+05   -6.18182e+03   -8.80108e+05    4.41756e+03
      Potential    Kinetic En.   Total Energy  Conserved En.    Temperature
   -7.61117e+05    1.33699e+05   -6.27419e+05   -6.24211e+05    3.33183e+02
 Pres. DC (bar) Pressure (bar)   Constr. rmsd
   -2.13111e+02   -1.21844e+02    2.34670e-06

DD  step 94999 load imb.: force 12.3%  pme mesh/force 0.722

           Step           Time
          95000      190.00000

   Energies (kJ/mol)
           Bond          Angle    Proper Dih.  Improper Dih.          LJ-14
    1.74350e+03    3.63727e+03    4.84412e+03    1.02278e+02    1.76431e+03
     Coulomb-14        LJ (SR)  Disper. corr.   Coulomb (SR)   Coul. recip.
   -1.99574e+04    1.27965e+05   -6.19780e+03   -8.80564e+05    4.33422e+03
      Potential    Kinetic En.   Total Energy  Conserved En.    Temperature
   -7.62329e+05    1.32490e+05   -6.29839e+05   -6.24137e+05    3.30171e+02
 Pres. DC (bar) Pressure (bar)   Constr. rmsd
   -2.14213e+02   -1.40191e+02    2.51445e-06

DD  step 99999 load imb.: force  9.7%  pme mesh/force 0.805

           Step           Time
         100000      200.00000

   Energies (kJ/mol)
           Bond          Angle    Proper Dih.  Improper Dih.          LJ-14
    1.69665e+03    3.64730e+03    4.95485e+03    1.09218e+02    1.82827e+03
     Coulomb-14        LJ (SR)  Disper. corr.   Coulomb (SR)   Coul. recip.
   -1.97478e+04    1.28081e+05   -6.20403e+03   -8.79306e+05    4.44804e+03
      Potential    Kinetic En.   Total Energy  Conserved En.    Temperature
   -7.60493e+05    1.31941e+05   -6.28551e+05   -6.24045e+05    3.28804e+02
 Pres. DC (bar) Pressure (bar)   Constr. rmsd
   -2.14643e+02   -4.00278e+01    2.67888e-06

Writing checkpoint, step 101400 at Mon Sep 23 15:00:40 2019


DD  step 104999 load imb.: force 12.0%  pme mesh/force 0.711

           Step           Time
         105000      210.00000

   Energies (kJ/mol)
           Bond          Angle    Proper Dih.  Improper Dih.          LJ-14
    1.70337e+03    3.45923e+03    4.93598e+03    1.06371e+02    1.78997e+03
     Coulomb-14        LJ (SR)  Disper. corr.   Coulomb (SR)   Coul. recip.
   -1.96522e+04    1.29411e+05   -6.19785e+03   -8.80915e+05    4.47422e+03
      Potential    Kinetic En.   Total Energy  Conserved En.    Temperature
   -7.60885e+05    1.31403e+05   -6.29482e+05   -6.23956e+05    3.27462e+02
 Pres. DC (bar) Pressure (bar)   Constr. rmsd
   -2.14216e+02    1.13912e+02    1.86088e-06

DD  step 109999 load imb.: force 12.0%  pme mesh/force 0.676

           Step           Time
         110000      220.00000

   Energies (kJ/mol)
           Bond          Angle    Proper Dih.  Improper Dih.          LJ-14
    1.77340e+03    3.56669e+03    4.97610e+03    1.12963e+02    1.80929e+03
     Coulomb-14        LJ (SR)  Disper. corr.   Coulomb (SR)   Coul. recip.
   -1.99548e+04    1.28339e+05   -6.15798e+03   -8.78333e+05    4.41850e+03
      Potential    Kinetic En.   Total Energy  Conserved En.    Temperature
   -7.59450e+05    1.31971e+05   -6.27479e+05   -6.23872e+05    3.28878e+02
 Pres. DC (bar) Pressure (bar)   Constr. rmsd
   -2.11472e+02   -2.46245e+00    2.56377e-06

DD  step 114999 load imb.: force 10.9%  pme mesh/force 0.673

           Step           Time
         115000      230.00000

   Energies (kJ/mol)
           Bond          Angle    Proper Dih.  Improper Dih.          LJ-14
    1.72146e+03    3.48396e+03    4.94715e+03    1.06242e+02    1.86597e+03
     Coulomb-14        LJ (SR)  Disper. corr.   Coulomb (SR)   Coul. recip.
   -1.99660e+04    1.29541e+05   -6.18720e+03   -8.81100e+05    4.46901e+03
      Potential    Kinetic En.   Total Energy  Conserved En.    Temperature
   -7.61119e+05    1.31745e+05   -6.29374e+05   -6.23789e+05    3.28315e+02
 Pres. DC (bar) Pressure (bar)   Constr. rmsd
   -2.13481e+02    1.91542e+02    2.29666e-06

DD  step 119999 load imb.: force 11.9%  pme mesh/force 0.703

           Step           Time
         120000      240.00000

   Energies (kJ/mol)
           Bond          Angle    Proper Dih.  Improper Dih.          LJ-14
    1.67134e+03    3.51395e+03    4.95890e+03    1.12771e+02    1.85770e+03
     Coulomb-14        LJ (SR)  Disper. corr.   Coulomb (SR)   Coul. recip.
   -1.97081e+04    1.28490e+05   -6.17612e+03   -8.78012e+05    4.40641e+03
      Potential    Kinetic En.   Total Energy  Conserved En.    Temperature
   -7.58885e+05    1.31870e+05   -6.27014e+05   -6.23744e+05    3.28627e+02
 Pres. DC (bar) Pressure (bar)   Constr. rmsd
   -2.12719e+02    4.19128e+01    2.22630e-06

DD  step 124999 load imb.: force  9.0%  pme mesh/force 0.712

           Step           Time
         125000      250.00000

   Energies (kJ/mol)
           Bond          Angle    Proper Dih.  Improper Dih.          LJ-14
    1.87209e+03    3.62728e+03    4.89320e+03    1.09671e+02    1.77995e+03
     Coulomb-14        LJ (SR)  Disper. corr.   Coulomb (SR)   Coul. recip.
   -1.97893e+04    1.29471e+05   -6.19911e+03   -8.79895e+05    4.36783e+03
      Potential    Kinetic En.   Total Energy  Conserved En.    Temperature
   -7.59762e+05    1.33576e+05   -6.26186e+05   -6.23680e+05    3.32877e+02
 Pres. DC (bar) Pressure (bar)   Constr. rmsd
   -2.14303e+02    1.03534e+02    2.37844e-06

DD  step 129999 load imb.: force 12.1%  pme mesh/force 0.697

           Step           Time
         130000      260.00000

   Energies (kJ/mol)
           Bond          Angle    Proper Dih.  Improper Dih.          LJ-14
    1.90286e+03    3.64133e+03    4.89720e+03    8.70393e+01    1.81668e+03
     Coulomb-14        LJ (SR)  Disper. corr.   Coulomb (SR)   Coul. recip.
   -1.97827e+04    1.29000e+05   -6.18337e+03   -8.80677e+05    4.46674e+03
      Potential    Kinetic En.   Total Energy  Conserved En.    Temperature
   -7.60832e+05    1.32891e+05   -6.27940e+05   -6.23590e+05    3.31171e+02
 Pres. DC (bar) Pressure (bar)   Constr. rmsd
   -2.13217e+02    1.17563e+00    1.98487e-06

DD  step 134999 load imb.: force 12.6%  pme mesh/force 0.727

           Step           Time
         135000      270.00000

   Energies (kJ/mol)
           Bond          Angle    Proper Dih.  Improper Dih.          LJ-14
    1.58499e+03    3.55173e+03    4.89711e+03    1.05354e+02    1.81278e+03
     Coulomb-14        LJ (SR)  Disper. corr.   Coulomb (SR)   Coul. recip.
   -1.96730e+04    1.27622e+05   -6.18533e+03   -8.79235e+05    4.47258e+03
      Potential    Kinetic En.   Total Energy  Conserved En.    Temperature
   -7.61047e+05    1.33109e+05   -6.27938e+05   -6.23544e+05    3.31714e+02
 Pres. DC (bar) Pressure (bar)   Constr. rmsd
   -2.13352e+02   -7.96779e+01    2.42725e-06

DD  step 139999 load imb.: force 12.5%  pme mesh/force 0.674

           Step           Time
         140000      280.00000

   Energies (kJ/mol)
           Bond          Angle    Proper Dih.  Improper Dih.          LJ-14
    1.75343e+03    3.36155e+03    4.93733e+03    1.41212e+02    1.78743e+03
     Coulomb-14        LJ (SR)  Disper. corr.   Coulomb (SR)   Coul. recip.
   -1.97811e+04    1.29753e+05   -6.17635e+03   -8.80654e+05    4.43192e+03
      Potential    Kinetic En.   Total Energy  Conserved En.    Temperature
   -7.60446e+05    1.32511e+05   -6.27935e+05   -6.23458e+05    3.30223e+02
 Pres. DC (bar) Pressure (bar)   Constr. rmsd
   -2.12734e+02    6.00169e+01    1.66621e-06

DD  step 144999 load imb.: force 12.0%  pme mesh/force 0.706

           Step           Time
         145000      290.00000

   Energies (kJ/mol)
           Bond          Angle    Proper Dih.  Improper Dih.          LJ-14
    1.75934e+03    3.36291e+03    4.94043e+03    1.01199e+02    1.82104e+03
     Coulomb-14        LJ (SR)  Disper. corr.   Coulomb (SR)   Coul. recip.
   -1.96916e+04    1.28664e+05   -6.17430e+03   -8.79164e+05    4.31547e+03
      Potential    Kinetic En.   Total Energy  Conserved En.    Temperature
   -7.60066e+05    1.32664e+05   -6.27402e+05   -6.23399e+05    3.30606e+02
 Pres. DC (bar) Pressure (bar)   Constr. rmsd
   -2.12593e+02   -7.20320e+01    2.31435e-06

DD  step 149999 load imb.: force 10.2%  pme mesh/force 0.705

           Step           Time
         150000      300.00000

   Energies (kJ/mol)
           Bond          Angle    Proper Dih.  Improper Dih.          LJ-14
    1.80695e+03    3.52969e+03    4.88460e+03    9.94498e+01    1.77846e+03
     Coulomb-14        LJ (SR)  Disper. corr.   Coulomb (SR)   Coul. recip.
   -1.97771e+04    1.25850e+05   -6.16140e+03   -8.76171e+05    4.39220e+03
      Potential    Kinetic En.   Total Energy  Conserved En.    Temperature
   -7.59769e+05    1.32108e+05   -6.27660e+05   -6.23306e+05    3.29220e+02
 Pres. DC (bar) Pressure (bar)   Constr. rmsd
   -2.11707e+02   -4.01652e+02    2.28493e-06

DD  step 154999 load imb.: force 11.0%  pme mesh/force 0.704

           Step           Time
         155000      310.00000

   Energies (kJ/mol)
           Bond          Angle    Proper Dih.  Improper Dih.          LJ-14
    1.74635e+03    3.42088e+03    4.91450e+03    8.72479e+01    1.85983e+03
     Coulomb-14        LJ (SR)  Disper. corr.   Coulomb (SR)   Coul. recip.
   -1.97978e+04    1.28173e+05   -6.18602e+03   -8.79177e+05    4.45178e+03
      Potential    Kinetic En.   Total Energy  Conserved En.    Temperature
   -7.60506e+05    1.32320e+05   -6.28187e+05   -6.23214e+05    3.29747e+02
 Pres. DC (bar) Pressure (bar)   Constr. rmsd
   -2.13400e+02    9.27361e+01    2.43176e-06

DD  step 159999 load imb.: force 60.3%  pme mesh/force 0.391

           Step           Time
         160000      320.00000

   Energies (kJ/mol)
           Bond          Angle    Proper Dih.  Improper Dih.          LJ-14
    1.77483e+03    3.66263e+03    4.88240e+03    9.49111e+01    1.73033e+03
     Coulomb-14        LJ (SR)  Disper. corr.   Coulomb (SR)   Coul. recip.
   -1.98051e+04    1.30683e+05   -6.19890e+03   -8.83442e+05    4.60540e+03
      Potential    Kinetic En.   Total Energy  Conserved En.    Temperature
   -7.62012e+05    1.32062e+05   -6.29950e+05   -6.23102e+05    3.29105e+02
 Pres. DC (bar) Pressure (bar)   Constr. rmsd
   -2.14288e+02    1.37217e+02    2.15723e-06

DD  step 164999 load imb.: force 64.6%  pme mesh/force 0.409

           Step           Time
         165000      330.00000

   Energies (kJ/mol)
           Bond          Angle    Proper Dih.  Improper Dih.          LJ-14
    1.73933e+03    3.44668e+03    4.97909e+03    1.04083e+02    1.79882e+03
     Coulomb-14        LJ (SR)  Disper. corr.   Coulomb (SR)   Coul. recip.
   -1.97387e+04    1.27791e+05   -6.16798e+03   -8.78338e+05    4.33359e+03
      Potential    Kinetic En.   Total Energy  Conserved En.    Temperature
   -7.60052e+05    1.33444e+05   -6.26608e+05   -6.23087e+05    3.32548e+02
 Pres. DC (bar) Pressure (bar)   Constr. rmsd
   -2.12159e+02   -1.27205e+02    2.29953e-06

Writing checkpoint, step 165640 at Mon Sep 23 15:15:42 2019


DD  step 169999 load imb.: force 30.2%  pme mesh/force 0.629

           Step           Time
         170000      340.00000

   Energies (kJ/mol)
           Bond          Angle    Proper Dih.  Improper Dih.          LJ-14
    1.79135e+03    3.51873e+03    5.01457e+03    1.00433e+02    1.83453e+03
     Coulomb-14        LJ (SR)  Disper. corr.   Coulomb (SR)   Coul. recip.
   -1.97380e+04    1.29468e+05   -6.17332e+03   -8.79870e+05    4.51862e+03
      Potential    Kinetic En.   Total Energy  Conserved En.    Temperature
   -7.59535e+05    1.32267e+05   -6.27268e+05   -6.22973e+05    3.29616e+02
 Pres. DC (bar) Pressure (bar)   Constr. rmsd
   -2.12526e+02    1.41662e+02    2.14823e-06

DD  step 174999 load imb.: force 45.2%  pme mesh/force 0.896

           Step           Time
         175000      350.00000

   Energies (kJ/mol)
           Bond          Angle    Proper Dih.  Improper Dih.          LJ-14
    1.69717e+03    3.56038e+03    4.94936e+03    1.12257e+02    1.87255e+03
     Coulomb-14        LJ (SR)  Disper. corr.   Coulomb (SR)   Coul. recip.
   -1.97498e+04    1.28883e+05   -6.17113e+03   -8.79063e+05    4.48477e+03
      Potential    Kinetic En.   Total Energy  Conserved En.    Temperature
   -7.59424e+05    1.32356e+05   -6.27068e+05   -6.22905e+05    3.29837e+02
 Pres. DC (bar) Pressure (bar)   Constr. rmsd
   -2.12375e+02    1.05656e+01    2.48221e-06

DD  step 179999 load imb.: force 37.3%  pme mesh/force 0.583

           Step           Time
         180000      360.00000

   Energies (kJ/mol)
           Bond          Angle    Proper Dih.  Improper Dih.          LJ-14
    1.87675e+03    3.39038e+03    4.94653e+03    9.29094e+01    1.78840e+03
     Coulomb-14        LJ (SR)  Disper. corr.   Coulomb (SR)   Coul. recip.
   -1.98405e+04    1.29724e+05   -6.16562e+03   -8.81156e+05    4.34995e+03
      Potential    Kinetic En.   Total Energy  Conserved En.    Temperature
   -7.60993e+05    1.32667e+05   -6.28327e+05   -6.22836e+05    3.30611e+02
 Pres. DC (bar) Pressure (bar)   Constr. rmsd
   -2.11996e+02    8.42552e+01    2.53061e-06

DD  step 184999 load imb.: force 23.8%  pme mesh/force 0.590

           Step           Time
         185000      370.00000

   Energies (kJ/mol)
           Bond          Angle    Proper Dih.  Improper Dih.          LJ-14
    1.78285e+03    3.47157e+03    4.89728e+03    1.16376e+02    1.72893e+03
     Coulomb-14        LJ (SR)  Disper. corr.   Coulomb (SR)   Coul. recip.
   -1.99049e+04    1.28822e+05   -6.20304e+03   -8.79767e+05    4.42683e+03
      Potential    Kinetic En.   Total Energy  Conserved En.    Temperature
   -7.60630e+05    1.32566e+05   -6.28064e+05   -6.22760e+05    3.30360e+02
 Pres. DC (bar) Pressure (bar)   Constr. rmsd
   -2.14575e+02   -6.42062e+01    2.03192e-06

DD  step 189999 load imb.: force 29.7%  pme mesh/force 0.908

           Step           Time
         190000      380.00000

   Energies (kJ/mol)
           Bond          Angle    Proper Dih.  Improper Dih.          LJ-14
    1.71025e+03    3.41897e+03    4.85485e+03    1.01357e+02    1.87491e+03
     Coulomb-14        LJ (SR)  Disper. corr.   Coulomb (SR)   Coul. recip.
   -1.95708e+04    1.30958e+05   -6.20079e+03   -8.84066e+05    4.34930e+03
      Potential    Kinetic En.   Total Energy  Conserved En.    Temperature
   -7.62570e+05    1.31175e+05   -6.31395e+05   -6.22666e+05    3.26893e+02
 Pres. DC (bar) Pressure (bar)   Constr. rmsd
   -2.14419e+02    2.73530e+02    2.48801e-06

DD  step 194999 load imb.: force 18.7%  pme mesh/force 0.725

           Step           Time
         195000      390.00000

   Energies (kJ/mol)
           Bond          Angle    Proper Dih.  Improper Dih.          LJ-14
    1.79064e+03    3.41022e+03    4.97075e+03    9.13907e+01    1.79800e+03
     Coulomb-14        LJ (SR)  Disper. corr.   Coulomb (SR)   Coul. recip.
   -1.98570e+04    1.29092e+05   -6.17512e+03   -8.80094e+05    4.47546e+03
      Potential    Kinetic En.   Total Energy  Conserved En.    Temperature
   -7.60498e+05    1.32384e+05   -6.28114e+05   -6.22597e+05    3.29907e+02
 Pres. DC (bar) Pressure (bar)   Constr. rmsd
   -2.12650e+02    1.34807e+02    2.45297e-06

Writing checkpoint, step 199560 at Mon Sep 23 15:30:40 2019


DD  step 199999 load imb.: force 27.7%  pme mesh/force 0.712

           Step           Time
         200000      400.00000

   Energies (kJ/mol)
           Bond          Angle    Proper Dih.  Improper Dih.          LJ-14
    1.81243e+03    3.64594e+03    4.92127e+03    1.14461e+02    1.75490e+03
     Coulomb-14        LJ (SR)  Disper. corr.   Coulomb (SR)   Coul. recip.
   -1.99044e+04    1.28616e+05   -6.14358e+03   -8.78831e+05    4.45208e+03
      Potential    Kinetic En.   Total Energy  Conserved En.    Temperature
   -7.59562e+05    1.32511e+05   -6.27051e+05   -6.22511e+05    3.30222e+02
 Pres. DC (bar) Pressure (bar)   Constr. rmsd
   -2.10486e+02   -5.13811e+01    2.00778e-06

DD  step 204999 load imb.: force 37.9%  pme mesh/force 0.704

           Step           Time
         205000      410.00000

   Energies (kJ/mol)
           Bond          Angle    Proper Dih.  Improper Dih.          LJ-14
    1.64722e+03    3.47651e+03    4.94774e+03    1.03320e+02    1.81299e+03
     Coulomb-14        LJ (SR)  Disper. corr.   Coulomb (SR)   Coul. recip.
   -1.96052e+04    1.27081e+05   -6.17629e+03   -8.77422e+05    4.42696e+03
      Potential    Kinetic En.   Total Energy  Conserved En.    Temperature
   -7.59708e+05    1.31702e+05   -6.28006e+05   -6.22419e+05    3.28208e+02
 Pres. DC (bar) Pressure (bar)   Constr. rmsd
   -2.12730e+02   -1.77797e+02    2.16790e-06

DD  step 209999 load imb.: force 22.0%  pme mesh/force 1.061

           Step           Time
         210000      420.00000

   Energies (kJ/mol)
           Bond          Angle    Proper Dih.  Improper Dih.          LJ-14
    1.79830e+03    3.48262e+03    5.02124e+03    1.00416e+02    1.78379e+03
     Coulomb-14        LJ (SR)  Disper. corr.   Coulomb (SR)   Coul. recip.
   -1.99126e+04    1.28388e+05   -6.18904e+03   -8.78589e+05    4.51538e+03
      Potential    Kinetic En.   Total Energy  Conserved En.    Temperature
   -7.59601e+05    1.32394e+05   -6.27206e+05   -6.22344e+05    3.29933e+02
 Pres. DC (bar) Pressure (bar)   Constr. rmsd
   -2.13608e+02   -2.77966e+00    2.46915e-06

DD  step 214999 load imb.: force 23.9%  pme mesh/force 0.439

           Step           Time
         215000      430.00000

   Energies (kJ/mol)
           Bond          Angle    Proper Dih.  Improper Dih.          LJ-14
    1.70485e+03    3.33044e+03    4.92556e+03    1.10050e+02    1.79131e+03
     Coulomb-14        LJ (SR)  Disper. corr.   Coulomb (SR)   Coul. recip.
   -1.96173e+04    1.30802e+05   -6.16859e+03   -8.83230e+05    4.51950e+03
      Potential    Kinetic En.   Total Energy  Conserved En.    Temperature
   -7.61832e+05    1.32712e+05   -6.29120e+05   -6.22291e+05    3.30726e+02
 Pres. DC (bar) Pressure (bar)   Constr. rmsd
   -2.12200e+02    1.00498e+02    2.39795e-06

DD  step 219999 load imb.: force 51.8%  pme mesh/force 0.755

           Step           Time
         220000      440.00000

   Energies (kJ/mol)
           Bond          Angle    Proper Dih.  Improper Dih.          LJ-14
    1.81873e+03    3.59875e+03    4.86918e+03    1.04544e+02    1.81782e+03
     Coulomb-14        LJ (SR)  Disper. corr.   Coulomb (SR)   Coul. recip.
   -1.98094e+04    1.29670e+05   -6.16208e+03   -8.79336e+05    4.48626e+03
      Potential    Kinetic En.   Total Energy  Conserved En.    Temperature
   -7.58942e+05    1.32915e+05   -6.26028e+05   -6.22177e+05    3.31229e+02
 Pres. DC (bar) Pressure (bar)   Constr. rmsd
   -2.11754e+02    1.63222e+01    2.46841e-06

DD  step 224999 load imb.: force 49.6%  pme mesh/force 0.599

           Step           Time
         225000      450.00000

   Energies (kJ/mol)
           Bond          Angle    Proper Dih.  Improper Dih.          LJ-14
    1.71696e+03    3.33983e+03    4.90339e+03    8.85859e+01    1.81844e+03
     Coulomb-14        LJ (SR)  Disper. corr.   Coulomb (SR)   Coul. recip.
   -1.98158e+04    1.30286e+05   -6.20058e+03   -8.82257e+05    4.49518e+03
      Potential    Kinetic En.   Total Energy  Conserved En.    Temperature
   -7.61625e+05    1.31381e+05   -6.30244e+05   -6.22093e+05    3.27407e+02
 Pres. DC (bar) Pressure (bar)   Constr. rmsd
   -2.14404e+02    1.57854e+02    2.19952e-06

DD  step 229999 load imb.: force 29.9%  pme mesh/force 0.689

           Step           Time
         230000      460.00000

   Energies (kJ/mol)
           Bond          Angle    Proper Dih.  Improper Dih.          LJ-14
    1.77560e+03    3.35723e+03    4.96056e+03    1.10088e+02    1.79782e+03
     Coulomb-14        LJ (SR)  Disper. corr.   Coulomb (SR)   Coul. recip.
   -1.96579e+04    1.28052e+05   -6.18267e+03   -8.80326e+05    4.37181e+03
      Potential    Kinetic En.   Total Energy  Conserved En.    Temperature
   -7.61742e+05    1.32686e+05   -6.29056e+05   -6.22013e+05    3.30660e+02
 Pres. DC (bar) Pressure (bar)   Constr. rmsd
   -2.13169e+02   -1.16607e+02    2.38931e-06

DD  step 234999 load imb.: force 27.9%  pme mesh/force 0.550

           Step           Time
         235000      470.00000

   Energies (kJ/mol)
           Bond          Angle    Proper Dih.  Improper Dih.          LJ-14
    1.74289e+03    3.52782e+03    4.93448e+03    8.75363e+01    1.78930e+03
     Coulomb-14        LJ (SR)  Disper. corr.   Coulomb (SR)   Coul. recip.
   -1.98093e+04    1.27305e+05   -6.18087e+03   -8.77959e+05    4.50370e+03
      Potential    Kinetic En.   Total Energy  Conserved En.    Temperature
   -7.60059e+05    1.33118e+05   -6.26941e+05   -6.21944e+05    3.31736e+02
 Pres. DC (bar) Pressure (bar)   Constr. rmsd
   -2.13045e+02   -2.37318e+02    2.46348e-06

DD  step 239999 load imb.: force 20.3%  pme mesh/force 0.677

           Step           Time
         240000      480.00000

   Energies (kJ/mol)
           Bond          Angle    Proper Dih.  Improper Dih.          LJ-14
    1.78923e+03    3.61963e+03    4.90171e+03    1.20393e+02    1.85858e+03
     Coulomb-14        LJ (SR)  Disper. corr.   Coulomb (SR)   Coul. recip.
   -1.97678e+04    1.29249e+05   -6.17165e+03   -8.79652e+05    4.40922e+03
      Potential    Kinetic En.   Total Energy  Conserved En.    Temperature
   -7.59643e+05    1.33245e+05   -6.26398e+05   -6.21879e+05    3.32052e+02
 Pres. DC (bar) Pressure (bar)   Constr. rmsd
   -2.12411e+02    3.01877e+00    2.68958e-06

Writing checkpoint, step 242160 at Mon Sep 23 15:45:40 2019


DD  step 244999 load imb.: force 22.3%  pme mesh/force 1.013

           Step           Time
         245000      490.00000

   Energies (kJ/mol)
           Bond          Angle    Proper Dih.  Improper Dih.          LJ-14
    1.75163e+03    3.58417e+03    4.91418e+03    9.62939e+01    1.80204e+03
     Coulomb-14        LJ (SR)  Disper. corr.   Coulomb (SR)   Coul. recip.
   -1.96917e+04    1.28846e+05   -6.17119e+03   -8.78552e+05    4.50300e+03
      Potential    Kinetic En.   Total Energy  Conserved En.    Temperature
   -7.58917e+05    1.32952e+05   -6.25965e+05   -6.21780e+05    3.31323e+02
 Pres. DC (bar) Pressure (bar)   Constr. rmsd
   -2.12379e+02   -6.22421e+01    2.33003e-06

DD  step 249999 load imb.: force 30.9%  pme mesh/force 0.701

           Step           Time
         250000      500.00000

   Energies (kJ/mol)
           Bond          Angle    Proper Dih.  Improper Dih.          LJ-14
    1.86802e+03    3.51998e+03    4.94282e+03    1.09801e+02    1.81932e+03
     Coulomb-14        LJ (SR)  Disper. corr.   Coulomb (SR)   Coul. recip.
   -1.98746e+04    1.29028e+05   -6.19094e+03   -8.80478e+05    4.44448e+03
      Potential    Kinetic En.   Total Energy  Conserved En.    Temperature
   -7.60810e+05    1.32588e+05   -6.28222e+05   -6.21722e+05    3.30415e+02
 Pres. DC (bar) Pressure (bar)   Constr. rmsd
   -2.13739e+02    8.39766e+01    2.62859e-06

DD  step 254999 load imb.: force 41.6%  pme mesh/force 0.910

           Step           Time
         255000      510.00000

   Energies (kJ/mol)
           Bond          Angle    Proper Dih.  Improper Dih.          LJ-14
    1.83234e+03    3.58520e+03    4.87540e+03    1.16328e+02    1.78511e+03
     Coulomb-14        LJ (SR)  Disper. corr.   Coulomb (SR)   Coul. recip.
   -1.98252e+04    1.26133e+05   -6.17133e+03   -8.76860e+05    4.38987e+03
      Potential    Kinetic En.   Total Energy  Conserved En.    Temperature
   -7.60139e+05    1.33116e+05   -6.27023e+05   -6.21660e+05    3.31731e+02
 Pres. DC (bar) Pressure (bar)   Constr. rmsd
   -2.12389e+02   -3.14464e+02    2.35096e-06

DD  step 259999 load imb.: force 38.2%  pme mesh/force 0.528

           Step           Time
         260000      520.00000

   Energies (kJ/mol)
           Bond          Angle    Proper Dih.  Improper Dih.          LJ-14
    1.78241e+03    3.49899e+03    4.87848e+03    1.20019e+02    1.80833e+03
     Coulomb-14        LJ (SR)  Disper. corr.   Coulomb (SR)   Coul. recip.
   -1.98461e+04    1.27044e+05   -6.15177e+03   -8.77160e+05    4.49866e+03
      Potential    Kinetic En.   Total Energy  Conserved En.    Temperature
   -7.59528e+05    1.32039e+05   -6.27488e+05   -6.21585e+05    3.29048e+02
 Pres. DC (bar) Pressure (bar)   Constr. rmsd
   -2.11046e+02   -2.43306e+02    2.59931e-06

DD  step 264999 load imb.: force 21.9%  pme mesh/force 0.632

           Step           Time
         265000      530.00000

   Energies (kJ/mol)
           Bond          Angle    Proper Dih.  Improper Dih.          LJ-14
    1.85443e+03    3.56968e+03    4.85534e+03    8.86536e+01    1.76690e+03
     Coulomb-14        LJ (SR)  Disper. corr.   Coulomb (SR)   Coul. recip.
   -1.98617e+04    1.29786e+05   -6.19501e+03   -8.81373e+05    4.45036e+03
      Potential    Kinetic En.   Total Energy  Conserved En.    Temperature
   -7.61058e+05    1.32198e+05   -6.28860e+05   -6.21465e+05    3.29444e+02
 Pres. DC (bar) Pressure (bar)   Constr. rmsd
   -2.14020e+02    8.59266e+01    2.29661e-06

DD  step 269999 load imb.: force 49.1%  pme mesh/force 0.455

           Step           Time
         270000      540.00000

   Energies (kJ/mol)
           Bond          Angle    Proper Dih.  Improper Dih.          LJ-14
    1.76316e+03    3.53408e+03    4.84898e+03    9.52788e+01    1.80064e+03
     Coulomb-14        LJ (SR)  Disper. corr.   Coulomb (SR)   Coul. recip.
   -1.99829e+04    1.29876e+05   -6.18661e+03   -8.81176e+05    4.35067e+03
      Potential    Kinetic En.   Total Energy  Conserved En.    Temperature
   -7.61077e+05    1.31829e+05   -6.29248e+05   -6.21418e+05    3.28524e+02
 Pres. DC (bar) Pressure (bar)   Constr. rmsd
   -2.13441e+02    1.27030e+02    2.36723e-06

DD  step 274999 load imb.: force 38.3%  pme mesh/force 0.438

           Step           Time
         275000      550.00000

   Energies (kJ/mol)
           Bond          Angle    Proper Dih.  Improper Dih.          LJ-14
    1.62726e+03    3.40066e+03    5.02373e+03    1.27974e+02    1.81551e+03
     Coulomb-14        LJ (SR)  Disper. corr.   Coulomb (SR)   Coul. recip.
   -1.97698e+04    1.28604e+05   -6.17705e+03   -8.79891e+05    4.54523e+03
      Potential    Kinetic En.   Total Energy  Conserved En.    Temperature
   -7.60694e+05    1.31470e+05   -6.29224e+05   -6.21346e+05    3.27629e+02
 Pres. DC (bar) Pressure (bar)   Constr. rmsd
   -2.12783e+02   -3.29946e+01    2.52659e-06

DD  step 279999 load imb.: force 15.3%  pme mesh/force 0.722

           Step           Time
         280000      560.00000

   Energies (kJ/mol)
           Bond          Angle    Proper Dih.  Improper Dih.          LJ-14
    1.67881e+03    3.37153e+03    4.92574e+03    1.13596e+02    1.81538e+03
     Coulomb-14        LJ (SR)  Disper. corr.   Coulomb (SR)   Coul. recip.
   -1.98016e+04    1.29777e+05   -6.16674e+03   -8.80661e+05    4.41008e+03
      Potential    Kinetic En.   Total Energy  Conserved En.    Temperature
   -7.60537e+05    1.32178e+05   -6.28359e+05   -6.21276e+05    3.29392e+02
 Pres. DC (bar) Pressure (bar)   Constr. rmsd
   -2.12074e+02    8.18170e+01    2.39127e-06

Writing checkpoint, step 282360 at Mon Sep 23 16:00:40 2019


DD  step 284999 load imb.: force 46.7%  pme mesh/force 0.792

           Step           Time
         285000      570.00000

   Energies (kJ/mol)
           Bond          Angle    Proper Dih.  Improper Dih.          LJ-14
    1.67556e+03    3.54355e+03    4.92490e+03    1.01806e+02    1.77568e+03
     Coulomb-14        LJ (SR)  Disper. corr.   Coulomb (SR)   Coul. recip.
   -1.98272e+04    1.30053e+05   -6.20291e+03   -8.81776e+05    4.42142e+03
      Potential    Kinetic En.   Total Energy  Conserved En.    Temperature
   -7.61310e+05    1.33081e+05   -6.28229e+05   -6.21194e+05    3.31643e+02
 Pres. DC (bar) Pressure (bar)   Constr. rmsd
   -2.14565e+02    2.36300e+02    2.49342e-06

DD  step 289999 load imb.: force 46.8%  pme mesh/force 0.642

           Step           Time
         290000      580.00000

   Energies (kJ/mol)
           Bond          Angle    Proper Dih.  Improper Dih.          LJ-14
    1.75374e+03    3.48473e+03    4.90134e+03    1.05605e+02    1.81149e+03
     Coulomb-14        LJ (SR)  Disper. corr.   Coulomb (SR)   Coul. recip.
   -1.98062e+04    1.29701e+05   -6.19192e+03   -8.80511e+05    4.44427e+03
      Potential    Kinetic En.   Total Energy  Conserved En.    Temperature
   -7.60307e+05    1.32322e+05   -6.27985e+05   -6.21083e+05    3.29752e+02
 Pres. DC (bar) Pressure (bar)   Constr. rmsd
   -2.13807e+02    2.01664e+02    2.76795e-06

DD  step 294999 load imb.: force 37.5%  pme mesh/force 0.628

           Step           Time
         295000      590.00000

   Energies (kJ/mol)
           Bond          Angle    Proper Dih.  Improper Dih.          LJ-14
    1.82707e+03    3.55625e+03    4.93687e+03    1.24779e+02    1.79948e+03
     Coulomb-14        LJ (SR)  Disper. corr.   Coulomb (SR)   Coul. recip.
   -1.98770e+04    1.29829e+05   -6.16389e+03   -8.80748e+05    4.49185e+03
      Potential    Kinetic En.   Total Energy  Conserved En.    Temperature
   -7.60224e+05    1.31787e+05   -6.28437e+05   -6.21030e+05    3.28419e+02
 Pres. DC (bar) Pressure (bar)   Constr. rmsd
   -2.11877e+02    3.90684e+01    3.05400e-06

DD  step 299999 load imb.: force 53.0%  pme mesh/force 0.536

           Step           Time
         300000      600.00000

   Energies (kJ/mol)
           Bond          Angle    Proper Dih.  Improper Dih.          LJ-14
    1.77190e+03    3.48742e+03    4.93111e+03    1.04264e+02    1.83902e+03
     Coulomb-14        LJ (SR)  Disper. corr.   Coulomb (SR)   Coul. recip.
   -1.98938e+04    1.28693e+05   -6.15816e+03   -8.80312e+05    4.50880e+03
      Potential    Kinetic En.   Total Energy  Conserved En.    Temperature
   -7.61028e+05    1.34007e+05   -6.27021e+05   -6.20962e+05    3.33951e+02
 Pres. DC (bar) Pressure (bar)   Constr. rmsd
   -2.11485e+02    7.72247e-01    2.42402e-06

DD  step 304999 load imb.: force 42.4%  pme mesh/force 0.821

           Step           Time
         305000      610.00000

   Energies (kJ/mol)
           Bond          Angle    Proper Dih.  Improper Dih.          LJ-14
    1.86520e+03    3.56482e+03    4.81825e+03    9.84956e+01    1.75278e+03
     Coulomb-14        LJ (SR)  Disper. corr.   Coulomb (SR)   Coul. recip.
   -1.98346e+04    1.28631e+05   -6.19112e+03   -8.78976e+05    4.39346e+03
      Potential    Kinetic En.   Total Energy  Conserved En.    Temperature
   -7.59878e+05    1.32525e+05   -6.27353e+05   -6.20838e+05    3.30258e+02
 Pres. DC (bar) Pressure (bar)   Constr. rmsd
   -2.13752e+02   -1.13750e+01    2.07206e-06

DD  step 309999 load imb.: force 30.5%  pme mesh/force 0.581

           Step           Time
         310000      620.00000

   Energies (kJ/mol)
           Bond          Angle    Proper Dih.  Improper Dih.          LJ-14
    1.67283e+03    3.54862e+03    4.90429e+03    9.73809e+01    1.78422e+03
     Coulomb-14        LJ (SR)  Disper. corr.   Coulomb (SR)   Coul. recip.
   -1.97069e+04    1.28916e+05   -6.16846e+03   -8.78360e+05    4.44475e+03
      Potential    Kinetic En.   Total Energy  Conserved En.    Temperature
   -7.58868e+05    1.32171e+05   -6.26697e+05   -6.20791e+05    3.29377e+02
 Pres. DC (bar) Pressure (bar)   Constr. rmsd
   -2.12192e+02   -1.21340e+01    2.45640e-06

DD  step 314999 load imb.: force 41.3%  pme mesh/force 0.834

           Step           Time
         315000      630.00000

   Energies (kJ/mol)
           Bond          Angle    Proper Dih.  Improper Dih.          LJ-14
    1.78761e+03    3.48660e+03    4.90860e+03    1.04939e+02    1.87849e+03
     Coulomb-14        LJ (SR)  Disper. corr.   Coulomb (SR)   Coul. recip.
   -1.96629e+04    1.27260e+05   -6.19553e+03   -8.78284e+05    4.39900e+03
      Potential    Kinetic En.   Total Energy  Conserved En.    Temperature
   -7.60317e+05    1.31162e+05   -6.29155e+05   -6.20703e+05    3.26862e+02
 Pres. DC (bar) Pressure (bar)   Constr. rmsd
   -2.14056e+02   -5.27919e+01    2.49992e-06

Writing checkpoint, step 319000 at Mon Sep 23 16:15:40 2019


DD  step 319999 load imb.: force 33.0%  pme mesh/force 0.793

           Step           Time
         320000      640.00000

   Energies (kJ/mol)
           Bond          Angle    Proper Dih.  Improper Dih.          LJ-14
    1.68376e+03    3.38879e+03    4.97835e+03    1.01867e+02    1.87627e+03
     Coulomb-14        LJ (SR)  Disper. corr.   Coulomb (SR)   Coul. recip.
   -1.96812e+04    1.28921e+05   -6.18745e+03   -8.80175e+05    4.44116e+03
      Potential    Kinetic En.   Total Energy  Conserved En.    Temperature
   -7.60652e+05    1.33346e+05   -6.27306e+05   -6.20637e+05    3.32305e+02
 Pres. DC (bar) Pressure (bar)   Constr. rmsd
   -2.13498e+02    3.43822e+01    2.50866e-06

DD  step 324999 load imb.: force 46.6%  pme mesh/force 0.577

           Step           Time
         325000      650.00000

   Energies (kJ/mol)
           Bond          Angle    Proper Dih.  Improper Dih.          LJ-14
    1.69960e+03    3.42285e+03    4.87945e+03    1.04890e+02    1.84786e+03
     Coulomb-14        LJ (SR)  Disper. corr.   Coulomb (SR)   Coul. recip.
   -1.96646e+04    1.28435e+05   -6.17637e+03   -8.80113e+05    4.44538e+03
      Potential    Kinetic En.   Total Energy  Conserved En.    Temperature
   -7.61119e+05    1.32031e+05   -6.29088e+05   -6.20547e+05    3.29028e+02
 Pres. DC (bar) Pressure (bar)   Constr. rmsd
   -2.12736e+02   -6.90366e+00    2.21366e-06

DD  step 329999 load imb.: force 60.4%  pme mesh/force 0.815

           Step           Time
         330000      660.00000

   Energies (kJ/mol)
           Bond          Angle    Proper Dih.  Improper Dih.          LJ-14
    1.74935e+03    3.44776e+03    4.87317e+03    8.35592e+01    1.74564e+03
     Coulomb-14        LJ (SR)  Disper. corr.   Coulomb (SR)   Coul. recip.
   -1.97332e+04    1.27435e+05   -6.18024e+03   -8.76985e+05    4.35386e+03
      Potential    Kinetic En.   Total Energy  Conserved En.    Temperature
   -7.59210e+05    1.32506e+05   -6.26704e+05   -6.20476e+05    3.30210e+02
 Pres. DC (bar) Pressure (bar)   Constr. rmsd
   -2.13002e+02   -1.16711e+02    2.19438e-06

DD  step 334999 load imb.: force 27.4%  pme mesh/force 0.889

           Step           Time
         335000      670.00000

   Energies (kJ/mol)
           Bond          Angle    Proper Dih.  Improper Dih.          LJ-14
    1.71551e+03    3.43176e+03    4.87163e+03    1.15406e+02    1.79555e+03
     Coulomb-14        LJ (SR)  Disper. corr.   Coulomb (SR)   Coul. recip.
   -1.97829e+04    1.28416e+05   -6.16985e+03   -8.79945e+05    4.27214e+03
      Potential    Kinetic En.   Total Energy  Conserved En.    Temperature
   -7.61279e+05    1.31840e+05   -6.29439e+05   -6.20398e+05    3.28552e+02
 Pres. DC (bar) Pressure (bar)   Constr. rmsd
   -2.12287e+02   -1.24071e+02    2.11065e-06

DD  step 339999 load imb.: force 61.1%  pme mesh/force 0.411

           Step           Time
         340000      680.00000

   Energies (kJ/mol)
           Bond          Angle    Proper Dih.  Improper Dih.          LJ-14
    1.74523e+03    3.56059e+03    4.92039e+03    1.17631e+02    1.82851e+03
     Coulomb-14        LJ (SR)  Disper. corr.   Coulomb (SR)   Coul. recip.
   -1.98895e+04    1.29892e+05   -6.17185e+03   -8.80309e+05    4.46431e+03
      Potential    Kinetic En.   Total Energy  Conserved En.    Temperature
   -7.59842e+05    1.32892e+05   -6.26950e+05   -6.20304e+05    3.31173e+02
 Pres. DC (bar) Pressure (bar)   Constr. rmsd
   -2.12425e+02    1.58563e+02    2.61918e-06

DD  step 344999 load imb.: force 14.5%  pme mesh/force 0.871

           Step           Time
         345000      690.00000

   Energies (kJ/mol)
           Bond          Angle    Proper Dih.  Improper Dih.          LJ-14
    1.77700e+03    3.49517e+03    4.83533e+03    8.93662e+01    1.81195e+03
     Coulomb-14        LJ (SR)  Disper. corr.   Coulomb (SR)   Coul. recip.
   -1.97587e+04    1.30271e+05   -6.18312e+03   -8.80965e+05    4.41081e+03
      Potential    Kinetic En.   Total Energy  Conserved En.    Temperature
   -7.60216e+05    1.32574e+05   -6.27643e+05   -6.20211e+05    3.30380e+02
 Pres. DC (bar) Pressure (bar)   Constr. rmsd
   -2.13200e+02    1.48974e+02    2.25742e-06

DD  step 349999 load imb.: force 45.1%  pme mesh/force 0.739

           Step           Time
         350000      700.00000

   Energies (kJ/mol)
           Bond          Angle    Proper Dih.  Improper Dih.          LJ-14
    1.81793e+03    3.45891e+03    4.83531e+03    1.05074e+02    1.75628e+03
     Coulomb-14        LJ (SR)  Disper. corr.   Coulomb (SR)   Coul. recip.
   -1.97347e+04    1.27847e+05   -6.18522e+03   -8.77795e+05    4.40138e+03
      Potential    Kinetic En.   Total Energy  Conserved En.    Temperature
   -7.59493e+05    1.31849e+05   -6.27644e+05   -6.20144e+05    3.28574e+02
 Pres. DC (bar) Pressure (bar)   Constr. rmsd
   -2.13345e+02   -1.08503e+02    2.41575e-06

DD  step 354999 load imb.: force 32.6%  pme mesh/force 1.274

           Step           Time
         355000      710.00000

   Energies (kJ/mol)
           Bond          Angle    Proper Dih.  Improper Dih.          LJ-14
    1.71681e+03    3.39577e+03    4.85354e+03    1.16334e+02    1.78417e+03
     Coulomb-14        LJ (SR)  Disper. corr.   Coulomb (SR)   Coul. recip.
   -1.97686e+04    1.27462e+05   -6.18320e+03   -8.79064e+05    4.45319e+03
      Potential    Kinetic En.   Total Energy  Conserved En.    Temperature
   -7.61234e+05    1.31619e+05   -6.29615e+05   -6.20067e+05    3.28000e+02
 Pres. DC (bar) Pressure (bar)   Constr. rmsd
   -2.13206e+02   -2.19852e+02    2.33873e-06

Writing checkpoint, step 355640 at Mon Sep 23 16:30:40 2019


DD  step 359999 load imb.: force 39.8%  pme mesh/force 0.596

           Step           Time
         360000      720.00000

   Energies (kJ/mol)
           Bond          Angle    Proper Dih.  Improper Dih.          LJ-14
    1.67545e+03    3.50999e+03    5.05892e+03    1.03912e+02    1.77406e+03
     Coulomb-14        LJ (SR)  Disper. corr.   Coulomb (SR)   Coul. recip.
   -1.97861e+04    1.29759e+05   -6.16959e+03   -8.79312e+05    4.43250e+03
      Potential    Kinetic En.   Total Energy  Conserved En.    Temperature
   -7.58953e+05    1.32138e+05   -6.26815e+05   -6.19998e+05    3.29294e+02
 Pres. DC (bar) Pressure (bar)   Constr. rmsd
   -2.12269e+02    6.08932e+01    2.32441e-06

DD  step 364999 load imb.: force 32.6%  pme mesh/force 0.973

           Step           Time
         365000      730.00000

   Energies (kJ/mol)
           Bond          Angle    Proper Dih.  Improper Dih.          LJ-14
    1.86330e+03    3.36405e+03    4.96449e+03    1.13077e+02    1.74487e+03
     Coulomb-14        LJ (SR)  Disper. corr.   Coulomb (SR)   Coul. recip.
   -1.96526e+04    1.28325e+05   -6.16679e+03   -8.78638e+05    4.48183e+03
      Potential    Kinetic En.   Total Energy  Conserved En.    Temperature
   -7.59601e+05    1.32843e+05   -6.26757e+05   -6.19922e+05    3.31052e+02
 Pres. DC (bar) Pressure (bar)   Constr. rmsd
   -2.12077e+02   -1.02090e+02    2.20058e-06

DD  step 369999 load imb.: force 15.2%  pme mesh/force 0.597

           Step           Time
         370000      740.00000

   Energies (kJ/mol)
           Bond          Angle    Proper Dih.  Improper Dih.          LJ-14
    1.71467e+03    3.51202e+03    4.88888e+03    1.08447e+02    1.75542e+03
     Coulomb-14        LJ (SR)  Disper. corr.   Coulomb (SR)   Coul. recip.
   -1.97867e+04    1.27991e+05   -6.15799e+03   -8.77844e+05    4.55576e+03
      Potential    Kinetic En.   Total Energy  Conserved En.    Temperature
   -7.59262e+05    1.33539e+05   -6.25724e+05   -6.19830e+05    3.32785e+02
 Pres. DC (bar) Pressure (bar)   Constr. rmsd
   -2.11473e+02   -9.99728e+01    2.36675e-06

DD  step 374999 load imb.: force 26.5%  pme mesh/force 0.591

           Step           Time
         375000      750.00000

   Energies (kJ/mol)
           Bond          Angle    Proper Dih.  Improper Dih.          LJ-14
    1.74743e+03    3.36589e+03    4.95586e+03    9.17746e+01    1.83599e+03
     Coulomb-14        LJ (SR)  Disper. corr.   Coulomb (SR)   Coul. recip.
   -1.98772e+04    1.29631e+05   -6.17160e+03   -8.80942e+05    4.44019e+03
      Potential    Kinetic En.   Total Energy  Conserved En.    Temperature
   -7.60922e+05    1.32231e+05   -6.28691e+05   -6.19733e+05    3.29527e+02
 Pres. DC (bar) Pressure (bar)   Constr. rmsd
   -2.12407e+02    9.14807e+01    2.61184e-06

DD  step 379999 load imb.: force 24.2%  pme mesh/force 0.753

           Step           Time
         380000      760.00000

   Energies (kJ/mol)
           Bond          Angle    Proper Dih.  Improper Dih.          LJ-14
    1.72640e+03    3.35897e+03    4.88779e+03    1.00549e+02    1.72675e+03
     Coulomb-14        LJ (SR)  Disper. corr.   Coulomb (SR)   Coul. recip.
   -1.97873e+04    1.29715e+05   -6.20491e+03   -8.82134e+05    4.46564e+03
      Potential    Kinetic En.   Total Energy  Conserved En.    Temperature
   -7.62145e+05    1.31142e+05   -6.31003e+05   -6.19633e+05    3.26811e+02
 Pres. DC (bar) Pressure (bar)   Constr. rmsd
   -2.14704e+02   -8.08652e+01    2.29458e-06

DD  step 384999 load imb.: force 19.5%  pme mesh/force 0.632

           Step           Time
         385000      770.00000

   Energies (kJ/mol)
           Bond          Angle    Proper Dih.  Improper Dih.          LJ-14
    1.81861e+03    3.44501e+03    4.88098e+03    1.06220e+02    1.84895e+03
     Coulomb-14        LJ (SR)  Disper. corr.   Coulomb (SR)   Coul. recip.
   -1.97072e+04    1.29502e+05   -6.17439e+03   -8.80624e+05    4.53066e+03
      Potential    Kinetic En.   Total Energy  Conserved En.    Temperature
   -7.60373e+05    1.30785e+05   -6.29588e+05   -6.19566e+05    3.25922e+02
 Pres. DC (bar) Pressure (bar)   Constr. rmsd
   -2.12599e+02    7.38220e+01    2.20227e-06

DD  step 389999 load imb.: force 15.8%  pme mesh/force 0.892

           Step           Time
         390000      780.00000

   Energies (kJ/mol)
           Bond          Angle    Proper Dih.  Improper Dih.          LJ-14
    1.72705e+03    3.44411e+03    5.00805e+03    1.15303e+02    1.79250e+03
     Coulomb-14        LJ (SR)  Disper. corr.   Coulomb (SR)   Coul. recip.
   -1.96618e+04    1.28526e+05   -6.17513e+03   -8.78390e+05    4.35645e+03
      Potential    Kinetic En.   Total Energy  Conserved En.    Temperature
   -7.59257e+05    1.33176e+05   -6.26081e+05   -6.19487e+05    3.31881e+02
 Pres. DC (bar) Pressure (bar)   Constr. rmsd
   -2.12650e+02    5.10389e+01    2.50992e-06

DD  step 394999 load imb.: force 28.1%  pme mesh/force 0.670

           Step           Time
         395000      790.00000

   Energies (kJ/mol)
           Bond          Angle    Proper Dih.  Improper Dih.          LJ-14
    1.87985e+03    3.56380e+03    4.85067e+03    9.74320e+01    1.78531e+03
     Coulomb-14        LJ (SR)  Disper. corr.   Coulomb (SR)   Coul. recip.
   -1.99244e+04    1.29580e+05   -6.19313e+03   -8.80501e+05    4.47496e+03
      Potential    Kinetic En.   Total Energy  Conserved En.    Temperature
   -7.60386e+05    1.33363e+05   -6.27023e+05   -6.19415e+05    3.32346e+02
 Pres. DC (bar) Pressure (bar)   Constr. rmsd
   -2.13890e+02    2.08950e+02    2.14138e-06

Writing checkpoint, step 397320 at Mon Sep 23 16:45:40 2019


DD  step 399999 load imb.: force 24.3%  pme mesh/force 0.667

           Step           Time
         400000      800.00000

   Energies (kJ/mol)
           Bond          Angle    Proper Dih.  Improper Dih.          LJ-14
    1.80065e+03    3.56774e+03    4.89908e+03    1.13093e+02    1.87735e+03
     Coulomb-14        LJ (SR)  Disper. corr.   Coulomb (SR)   Coul. recip.
   -1.97579e+04    1.28588e+05   -6.16733e+03   -8.78847e+05    4.44359e+03
      Potential    Kinetic En.   Total Energy  Conserved En.    Temperature
   -7.59483e+05    1.32882e+05   -6.26601e+05   -6.19321e+05    3.31148e+02
 Pres. DC (bar) Pressure (bar)   Constr. rmsd
   -2.12114e+02   -3.52695e+00    2.32550e-06

DD  step 404999 load imb.: force 19.6%  pme mesh/force 0.626

           Step           Time
         405000      810.00000

   Energies (kJ/mol)
           Bond          Angle    Proper Dih.  Improper Dih.          LJ-14
    1.80569e+03    3.66678e+03    4.91567e+03    9.03564e+01    1.79334e+03
     Coulomb-14        LJ (SR)  Disper. corr.   Coulomb (SR)   Coul. recip.
   -1.98566e+04    1.29922e+05   -6.16479e+03   -8.79136e+05    4.45400e+03
      Potential    Kinetic En.   Total Energy  Conserved En.    Temperature
   -7.58510e+05    1.32521e+05   -6.25989e+05   -6.19242e+05    3.30248e+02
 Pres. DC (bar) Pressure (bar)   Constr. rmsd
   -2.11940e+02    1.27390e+02    2.53690e-06

DD  step 409999 load imb.: force 24.4%  pme mesh/force 0.800

           Step           Time
         410000      820.00000

   Energies (kJ/mol)
           Bond          Angle    Proper Dih.  Improper Dih.          LJ-14
    1.77819e+03    3.53519e+03    4.87941e+03    1.17710e+02    1.84002e+03
     Coulomb-14        LJ (SR)  Disper. corr.   Coulomb (SR)   Coul. recip.
   -1.97884e+04    1.27062e+05   -6.17645e+03   -8.76485e+05    4.45756e+03
      Potential    Kinetic En.   Total Energy  Conserved En.    Temperature
   -7.58780e+05    1.33267e+05   -6.25513e+05   -6.19178e+05    3.32106e+02
 Pres. DC (bar) Pressure (bar)   Constr. rmsd
   -2.12741e+02   -1.24931e+02    2.97078e-06

DD  step 414999 load imb.: force 27.6%  pme mesh/force 0.635

           Step           Time
         415000      830.00000

   Energies (kJ/mol)
           Bond          Angle    Proper Dih.  Improper Dih.          LJ-14
    1.78813e+03    3.40591e+03    4.86165e+03    9.21374e+01    1.79555e+03
     Coulomb-14        LJ (SR)  Disper. corr.   Coulomb (SR)   Coul. recip.
   -1.96855e+04    1.29526e+05   -6.17659e+03   -8.80810e+05    4.53772e+03
      Potential    Kinetic En.   Total Energy  Conserved En.    Temperature
   -7.60665e+05    1.30812e+05   -6.29853e+05   -6.19060e+05    3.25989e+02
 Pres. DC (bar) Pressure (bar)   Constr. rmsd
   -2.12751e+02    5.15892e+01    2.38006e-06

DD  step 419999 load imb.: force 32.2%  pme mesh/force 0.702

           Step           Time
         420000      840.00000

   Energies (kJ/mol)
           Bond          Angle    Proper Dih.  Improper Dih.          LJ-14
    1.68789e+03    3.53849e+03    4.87646e+03    8.92026e+01    1.83164e+03
     Coulomb-14        LJ (SR)  Disper. corr.   Coulomb (SR)   Coul. recip.
   -1.98290e+04    1.28423e+05   -6.17090e+03   -8.80698e+05    4.35455e+03
      Potential    Kinetic En.   Total Energy  Conserved En.    Temperature
   -7.61897e+05    1.32335e+05   -6.29562e+05   -6.19012e+05    3.29786e+02
 Pres. DC (bar) Pressure (bar)   Constr. rmsd
   -2.12359e+02   -9.84241e+01    2.38541e-06

DD  step 424999 load imb.: force 20.1%  pme mesh/force 0.669

           Step           Time
         425000      850.00000

   Energies (kJ/mol)
           Bond          Angle    Proper Dih.  Improper Dih.          LJ-14
    1.73803e+03    3.53371e+03    4.88098e+03    1.01158e+02    1.85215e+03
     Coulomb-14        LJ (SR)  Disper. corr.   Coulomb (SR)   Coul. recip.
   -1.97691e+04    1.28013e+05   -6.18883e+03   -8.78742e+05    4.64566e+03
      Potential    Kinetic En.   Total Energy  Conserved En.    Temperature
   -7.59935e+05    1.32212e+05   -6.27722e+05   -6.18915e+05    3.29480e+02
 Pres. DC (bar) Pressure (bar)   Constr. rmsd
   -2.13593e+02    1.25005e+01    2.11490e-06

DD  step 429999 load imb.: force 19.7%  pme mesh/force 0.597

           Step           Time
         430000      860.00000

   Energies (kJ/mol)
           Bond          Angle    Proper Dih.  Improper Dih.          LJ-14
    1.63890e+03    3.65964e+03    4.90611e+03    1.21115e+02    1.79744e+03
     Coulomb-14        LJ (SR)  Disper. corr.   Coulomb (SR)   Coul. recip.
   -1.98999e+04    1.28924e+05   -6.17544e+03   -8.78538e+05    4.44882e+03
      Potential    Kinetic En.   Total Energy  Conserved En.    Temperature
   -7.59117e+05    1.32741e+05   -6.26376e+05   -6.18846e+05    3.30796e+02
 Pres. DC (bar) Pressure (bar)   Constr. rmsd
   -2.12672e+02   -3.76962e+00    2.77185e-06

DD  step 434999 load imb.: force  5.4%  pme mesh/force 0.890

           Step           Time
         435000      870.00000

   Energies (kJ/mol)
           Bond          Angle    Proper Dih.  Improper Dih.          LJ-14
    1.76925e+03    3.56209e+03    4.88264e+03    1.06510e+02    1.79044e+03
     Coulomb-14        LJ (SR)  Disper. corr.   Coulomb (SR)   Coul. recip.
   -1.97676e+04    1.30386e+05   -6.20777e+03   -8.80761e+05    4.49820e+03
      Potential    Kinetic En.   Total Energy  Conserved En.    Temperature
   -7.59741e+05    1.32294e+05   -6.27448e+05   -6.18721e+05    3.29682e+02
 Pres. DC (bar) Pressure (bar)   Constr. rmsd
   -2.14902e+02    2.32805e+02    2.45610e-06

DD  step 439999 load imb.: force 13.4%  pme mesh/force 0.666

           Step           Time
         440000      880.00000

   Energies (kJ/mol)
           Bond          Angle    Proper Dih.  Improper Dih.          LJ-14
    1.79658e+03    3.53563e+03    4.97430e+03    1.35130e+02    1.82517e+03
     Coulomb-14        LJ (SR)  Disper. corr.   Coulomb (SR)   Coul. recip.
   -1.98264e+04    1.27980e+05   -6.18048e+03   -8.78498e+05    4.54905e+03
      Potential    Kinetic En.   Total Energy  Conserved En.    Temperature
   -7.59709e+05    1.31676e+05   -6.28033e+05   -6.18619e+05    3.28144e+02
 Pres. DC (bar) Pressure (bar)   Constr. rmsd
   -2.13018e+02   -1.38951e+02    2.21888e-06

DD  step 444999 load imb.: force 19.9%  pme mesh/force 0.576

           Step           Time
         445000      890.00000

   Energies (kJ/mol)
           Bond          Angle    Proper Dih.  Improper Dih.          LJ-14
    1.74435e+03    3.58583e+03    4.90060e+03    1.06807e+02    1.75155e+03
     Coulomb-14        LJ (SR)  Disper. corr.   Coulomb (SR)   Coul. recip.
   -1.98417e+04    1.28247e+05   -6.18490e+03   -8.78956e+05    4.46021e+03
      Potential    Kinetic En.   Total Energy  Conserved En.    Temperature
   -7.60186e+05    1.32716e+05   -6.27470e+05   -6.18557e+05    3.30735e+02
 Pres. DC (bar) Pressure (bar)   Constr. rmsd
   -2.13323e+02   -1.14403e+02    2.81903e-06

DD  step 449999 load imb.: force 22.2%  pme mesh/force 0.587

           Step           Time
         450000      900.00000

   Energies (kJ/mol)
           Bond          Angle    Proper Dih.  Improper Dih.          LJ-14
    1.70210e+03    3.53731e+03    4.87394e+03    1.01539e+02    1.78854e+03
     Coulomb-14        LJ (SR)  Disper. corr.   Coulomb (SR)   Coul. recip.
   -1.98087e+04    1.29706e+05   -6.18959e+03   -8.81086e+05    4.38129e+03
      Potential    Kinetic En.   Total Energy  Conserved En.    Temperature
   -7.60993e+05    1.31191e+05   -6.29802e+05   -6.18477e+05    3.26935e+02
 Pres. DC (bar) Pressure (bar)   Constr. rmsd
   -2.13646e+02    1.61204e+02    2.92554e-06

DD  step 454999 load imb.: force 33.5%  pme mesh/force 0.701

           Step           Time
         455000      910.00000

   Energies (kJ/mol)
           Bond          Angle    Proper Dih.  Improper Dih.          LJ-14
    1.70563e+03    3.37746e+03    4.88151e+03    1.13495e+02    1.84967e+03
     Coulomb-14        LJ (SR)  Disper. corr.   Coulomb (SR)   Coul. recip.
   -1.97401e+04    1.27107e+05   -6.18538e+03   -8.77550e+05    4.50329e+03
      Potential    Kinetic En.   Total Energy  Conserved En.    Temperature
   -7.59938e+05    1.33005e+05   -6.26933e+05   -6.18413e+05    3.31455e+02
 Pres. DC (bar) Pressure (bar)   Constr. rmsd
   -2.13356e+02   -8.50175e+01    2.46693e-06

Writing checkpoint, step 456560 at Mon Sep 23 17:00:40 2019


DD  step 459999 load imb.: force 32.6%  pme mesh/force 0.631

           Step           Time
         460000      920.00000

   Energies (kJ/mol)
           Bond          Angle    Proper Dih.  Improper Dih.          LJ-14
    1.76049e+03    3.52357e+03    4.83504e+03    1.07677e+02    1.84923e+03
     Coulomb-14        LJ (SR)  Disper. corr.   Coulomb (SR)   Coul. recip.
   -1.98064e+04    1.28075e+05   -6.18786e+03   -8.78650e+05    4.43234e+03
      Potential    Kinetic En.   Total Energy  Conserved En.    Temperature
   -7.60062e+05    1.32138e+05   -6.27924e+05   -6.18328e+05    3.29293e+02
 Pres. DC (bar) Pressure (bar)   Constr. rmsd
   -2.13527e+02    7.12947e+01    2.38682e-06

DD  step 464999 load imb.: force 21.9%  pme mesh/force 0.609

           Step           Time
         465000      930.00000

   Energies (kJ/mol)
           Bond          Angle    Proper Dih.  Improper Dih.          LJ-14
    1.76998e+03    3.41273e+03    4.84280e+03    1.07831e+02    1.83196e+03
     Coulomb-14        LJ (SR)  Disper. corr.   Coulomb (SR)   Coul. recip.
   -1.96793e+04    1.30533e+05   -6.18025e+03   -8.81887e+05    4.48853e+03
      Potential    Kinetic En.   Total Energy  Conserved En.    Temperature
   -7.60760e+05    1.33018e+05   -6.27742e+05   -6.18237e+05    3.31487e+02
 Pres. DC (bar) Pressure (bar)   Constr. rmsd
   -2.13003e+02    1.86514e+02    2.52895e-06

DD  step 469999 load imb.: force 16.3%  pme mesh/force 0.862

           Step           Time
         470000      940.00000

   Energies (kJ/mol)
           Bond          Angle    Proper Dih.  Improper Dih.          LJ-14
    1.81224e+03    3.46196e+03    4.96710e+03    1.00014e+02    1.82168e+03
     Coulomb-14        LJ (SR)  Disper. corr.   Coulomb (SR)   Coul. recip.
   -1.99439e+04    1.29442e+05   -6.20125e+03   -8.80211e+05    4.40236e+03
      Potential    Kinetic En.   Total Energy  Conserved En.    Temperature
   -7.60348e+05    1.33554e+05   -6.26795e+05   -6.18143e+05    3.32822e+02
 Pres. DC (bar) Pressure (bar)   Constr. rmsd
   -2.14451e+02    1.52784e+02    2.72144e-06

DD  step 474999 load imb.: force 15.8%  pme mesh/force 0.522

           Step           Time
         475000      950.00000

   Energies (kJ/mol)
           Bond          Angle    Proper Dih.  Improper Dih.          LJ-14
    1.80402e+03    3.52238e+03    4.85964e+03    9.09255e+01    1.79661e+03
     Coulomb-14        LJ (SR)  Disper. corr.   Coulomb (SR)   Coul. recip.
   -1.99287e+04    1.29290e+05   -6.16331e+03   -8.81627e+05    4.29114e+03
      Potential    Kinetic En.   Total Energy  Conserved En.    Temperature
   -7.62064e+05    1.32802e+05   -6.29261e+05   -6.18088e+05    3.30950e+02
 Pres. DC (bar) Pressure (bar)   Constr. rmsd
   -2.11838e+02   -7.89510e+01    2.11492e-06

DD  step 479999 load imb.: force  9.4%  pme mesh/force 0.627

           Step           Time
         480000      960.00000

   Energies (kJ/mol)
           Bond          Angle    Proper Dih.  Improper Dih.          LJ-14
    1.71469e+03    3.47770e+03    4.79916e+03    9.49420e+01    1.85986e+03
     Coulomb-14        LJ (SR)  Disper. corr.   Coulomb (SR)   Coul. recip.
   -1.96806e+04    1.28317e+05   -6.17925e+03   -8.80434e+05    4.43630e+03
      Potential    Kinetic En.   Total Energy  Conserved En.    Temperature
   -7.61594e+05    1.33328e+05   -6.28266e+05   -6.17988e+05    3.32259e+02
 Pres. DC (bar) Pressure (bar)   Constr. rmsd
   -2.12934e+02   -2.23632e+01    2.49585e-06

DD  step 484999 load imb.: force 21.5%  pme mesh/force 0.596

           Step           Time
         485000      970.00000

   Energies (kJ/mol)
           Bond          Angle    Proper Dih.  Improper Dih.          LJ-14
    1.66310e+03    3.54340e+03    4.98712e+03    1.30772e+02    1.79681e+03
     Coulomb-14        LJ (SR)  Disper. corr.   Coulomb (SR)   Coul. recip.
   -1.97739e+04    1.29055e+05   -6.16431e+03   -8.80378e+05    4.39241e+03
      Potential    Kinetic En.   Total Energy  Conserved En.    Temperature
   -7.60748e+05    1.33514e+05   -6.27233e+05   -6.17920e+05    3.32724e+02
 Pres. DC (bar) Pressure (bar)   Constr. rmsd
   -2.11907e+02    3.84332e+01    2.71403e-06

DD  step 489999 load imb.: force 12.3%  pme mesh/force 0.825

           Step           Time
         490000      980.00000

   Energies (kJ/mol)
           Bond          Angle    Proper Dih.  Improper Dih.          LJ-14
    1.78803e+03    3.56998e+03    4.82193e+03    1.05599e+02    1.76170e+03
     Coulomb-14        LJ (SR)  Disper. corr.   Coulomb (SR)   Coul. recip.
   -1.98515e+04    1.28916e+05   -6.14774e+03   -8.79295e+05    4.47751e+03
      Potential    Kinetic En.   Total Energy  Conserved En.    Temperature
   -7.59853e+05    1.31580e+05   -6.28273e+05   -6.17818e+05    3.27904e+02
 Pres. DC (bar) Pressure (bar)   Constr. rmsd
   -2.10771e+02   -4.10045e+01    2.38858e-06

DD  step 494999 load imb.: force 22.9%  pme mesh/force 0.694

           Step           Time
         495000      990.00000

   Energies (kJ/mol)
           Bond          Angle    Proper Dih.  Improper Dih.          LJ-14
    1.82946e+03    3.49859e+03    4.80397e+03    1.21499e+02    1.81117e+03
     Coulomb-14        LJ (SR)  Disper. corr.   Coulomb (SR)   Coul. recip.
   -1.97508e+04    1.27818e+05   -6.16586e+03   -8.78002e+05    4.35735e+03
      Potential    Kinetic En.   Total Energy  Conserved En.    Temperature
   -7.59679e+05    1.32305e+05   -6.27374e+05   -6.17749e+05    3.29709e+02
 Pres. DC (bar) Pressure (bar)   Constr. rmsd
   -2.12013e+02   -1.14208e+02    2.55155e-06

DD  step 499999 load imb.: force 24.6%  pme mesh/force 0.649

           Step           Time
         500000     1000.00000

Writing checkpoint, step 500000 at Mon Sep 23 17:11:45 2019


   Energies (kJ/mol)
           Bond          Angle    Proper Dih.  Improper Dih.          LJ-14
    1.81389e+03    3.37988e+03    4.93918e+03    1.07026e+02    1.79901e+03
     Coulomb-14        LJ (SR)  Disper. corr.   Coulomb (SR)   Coul. recip.
   -1.98913e+04    1.27596e+05   -6.16703e+03   -8.78899e+05    4.51237e+03
      Potential    Kinetic En.   Total Energy  Conserved En.    Temperature
   -7.60809e+05    1.32438e+05   -6.28371e+05   -6.17650e+05    3.30042e+02
 Pres. DC (bar) Pressure (bar)   Constr. rmsd
   -2.12093e+02   -1.95075e+02    2.52868e-06

	<======  ###############  ==>
	<====  A V E R A G E S  ====>
	<==  ###############  ======>

	Statistics over 500001 steps using 5001 frames

   Energies (kJ/mol)
           Bond          Angle    Proper Dih.  Improper Dih.          LJ-14
    1.75725e+03    3.51065e+03    4.92778e+03    1.05658e+02    1.79962e+03
     Coulomb-14        LJ (SR)  Disper. corr.   Coulomb (SR)   Coul. recip.
   -1.97923e+04    1.28820e+05   -6.18069e+03   -8.79779e+05    4.44004e+03
      Potential    Kinetic En.   Total Energy  Conserved En.    Temperature
   -7.60391e+05    1.32434e+05   -6.27957e+05   -6.21689e+05    3.30032e+02
 Pres. DC (bar) Pressure (bar)   Constr. rmsd
   -2.13034e+02   -5.65956e-01    0.00000e+00

          Box-X          Box-Y          Box-Z
    6.98356e+00    1.08758e+01    6.35077e+00

   Total Virial (kJ/mol)
    4.40938e+04   -3.30194e+01    4.02679e+01
   -3.26007e+01    4.42741e+04   -4.67757e+00
    4.02759e+01   -5.03728e+00    4.40963e+04

   Pressure (bar)
    2.74688e+00    1.97325e+00   -2.65316e+00
    1.94438e+00   -5.96983e+00    6.38020e-02
   -2.65372e+00    8.85747e-02    1.52509e+00

          T-RNAT-Water_and_ions
    3.30208e+02    3.30024e+02


	M E G A - F L O P S   A C C O U N T I N G

 NB=Group-cutoff nonbonded kernels    NxN=N-by-N cluster Verlet kernels
 RF=Reaction-Field  VdW=Van der Waals  QSTab=quadratic-spline table
 W3=SPC/TIP3p  W4=TIP4p (single or pairs)
 V&F=Potential and force  V=Potential only  F=Force only

 Computing:                               M-Number         M-Flops  % Flops
-----------------------------------------------------------------------------
 Pair Search distance check          202463.918148     1822175.263     0.4
 NxN QSTab Elec. + LJ [F]           6058028.156664   248379154.423    51.6
 NxN QSTab Elec. + LJ [V&F]           61202.930840     3610972.920     0.7
 NxN QSTab Elec. [F]                5567213.207320   189285249.049    39.3
 NxN QSTab Elec. [V&F]                56245.657016     2306071.938     0.5
 1,4 nonbonded interactions            1904.503809      171405.343     0.0
 Calc Weights                         71619.143238     2578289.157     0.5
 Spread Q Bspline                   1527875.055744     3055750.111     0.6
 Gather F Bspline                   1527875.055744     9167250.334     1.9
 3D-FFT                             2148070.296132    17184562.369     3.6
 Solve PME                             1584.003168      101376.203     0.0
 Reset In Box                           596.681762        1790.045     0.0
 CG-CoM                                 596.872746        1790.618     0.0
 Bonds                                  552.501105       32597.565     0.0
 Angles                                1441.502883      242172.484     0.1
 Propers                               2412.504825      552463.605     0.1
 Impropers                              134.500269       27976.056     0.0
 Virial                                2432.348646       43782.276     0.0
 Stop-CM                                238.777746        2387.777     0.0
 Calc-Ekin                             4774.695492      128916.778     0.0
 Lincs                                  270.548343       16232.901     0.0
 Lincs-Mat                              535.513572        2142.054     0.0
 Constraint-V                         25793.839446      206350.716     0.0
 Constraint-Vir                        2552.375067       61257.002     0.0
 Settle                                8417.580920     2718878.637     0.6
-----------------------------------------------------------------------------
 Total                                               481700995.624   100.0
-----------------------------------------------------------------------------


    D O M A I N   D E C O M P O S I T I O N   S T A T I S T I C S

 av. #atoms communicated per step for force:  2 x 66489.0
 av. #atoms communicated per step for LINCS:  2 x 4415.6


 Dynamic load balancing report:
 DLB got disabled because it was unsuitable to use.
 Average load imbalance: 8.0%.
 The balanceable part of the MD step is 77%, load imbalance is computed from this.
 Part of the total run time spent waiting due to load imbalance: 6.1%.
 Average PME mesh/force load: 0.749
 Part of the total run time spent waiting due to PP/PME imbalance: 3.5 %

NOTE: 6.1 % of the available CPU time was lost due to load imbalance
      in the domain decomposition.
      You might want to use dynamic load balancing (option -dlb.)


     R E A L   C Y C L E   A N D   T I M E   A C C O U N T I N G

On 20 MPI ranks doing PP, and
on 4 MPI ranks doing PME

 Computing:          Num   Num      Call    Wall time         Giga-Cycles
                     Ranks Threads  Count      (s)         total sum    %
-----------------------------------------------------------------------------
 Domain decomp.        20    1      12500     114.339       6403.268   1.1
 DD comm. load         20    1        598       0.184         10.287   0.0
 DD comm. bounds       20    1        497       0.023          1.300   0.0
 Send X to PME         20    1     500001     736.768      41260.783   7.0
 Neighbor search       20    1      12501      89.384       5005.705   0.8
 Comm. coord.          20    1     487500     606.775      33980.848   5.8
 Force                 20    1     500001    3412.119     191086.761  32.4
 Wait + Comm. F        20    1     500001    1287.350      72094.661  12.2
 PME mesh *             4    1     500001    3692.965      41362.961   7.0
 PME wait for PP *                           5073.024      56820.272   9.6
 Wait + Recv. PME F    20    1     500001     367.353      20572.652   3.5
 NB X/F buffer ops.    20    1    1475001      47.797       2676.728   0.5
 Write traj.           20    1        110       1.246         69.756   0.0
 Update                20    1     500001      21.909       1226.955   0.2
 Constraints           20    1     500001    1893.613     106046.798  18.0
 Comm. energies        20    1      50001     171.904       9627.017   1.6
 Rest                                          15.226        852.694   0.1
-----------------------------------------------------------------------------
 Total                                       8765.990     589099.455 100.0
-----------------------------------------------------------------------------
(*) Note that with separate PME ranks, the walltime column actually sums to
    twice the total reported, but the cycle count total and % are correct.
-----------------------------------------------------------------------------
 Breakdown of PME mesh computation
-----------------------------------------------------------------------------
 PME redist. X/F        4    1    1000002     876.103       9812.770   1.7
 PME spread             4    1     500001    1003.460      11239.233   1.9
 PME gather             4    1     500001     989.280      11080.402   1.9
 PME 3D-FFT             4    1    1000002     499.269       5592.044   0.9
 PME 3D-FFT Comm.       4    1    1000002     227.590       2549.120   0.4
 PME solve Elec         4    1     500001      94.299       1056.190   0.2
-----------------------------------------------------------------------------

               Core t (s)   Wall t (s)        (%)
       Time:   210383.752     8765.990     2400.0
                         2h26:05
                 (ns/day)    (hour/ns)
Performance:        9.856        2.435
Finished mdrun on rank 0 Mon Sep 23 17:11:45 2019
